<?xml version="1.0" encoding="UTF-8"?>
<coverage generated="1749440224091" clover="3.2.0">
  <project timestamp="1749440224091" name="All files">
    <metrics statements="164" coveredstatements="164" conditionals="35" coveredconditionals="35" methods="22" coveredmethods="22" elements="221" coveredelements="221" complexity="0" loc="164" ncloc="164" packages="1" files="7" classes="7"/>
    <file name="achievementService.ts" path="C:\Users\erikv\OneDrive\Documentos\Faculdade\5_sem\AGES II\app\services\achievementService.ts">
      <metrics statements="13" coveredstatements="13" conditionals="0" coveredconditionals="0" methods="2" coveredmethods="2"/>
      <line num="1" count="1" type="stmt"/>
      <line num="8" count="1" type="stmt"/>
      <line num="11" count="1" type="stmt"/>
      <line num="18" count="1" type="stmt"/>
      <line num="19" count="3" type="stmt"/>
      <line num="20" count="3" type="stmt"/>
      <line num="21" count="3" type="stmt"/>
      <line num="25" count="2" type="stmt"/>
      <line num="26" count="2" type="stmt"/>
      <line num="27" count="2" type="stmt"/>
      <line num="28" count="2" type="stmt"/>
      <line num="34" count="2" type="stmt"/>
      <line num="36" count="1" type="stmt"/>
    </file>
    <file name="itemService.ts" path="C:\Users\erikv\OneDrive\Documentos\Faculdade\5_sem\AGES II\app\services\itemService.ts">
      <metrics statements="12" coveredstatements="12" conditionals="0" coveredconditionals="0" methods="2" coveredmethods="2"/>
      <line num="2" count="1" type="stmt"/>
      <line num="3" count="1" type="stmt"/>
      <line num="5" count="1" type="stmt"/>
      <line num="8" count="3" type="stmt"/>
      <line num="9" count="3" type="stmt"/>
      <line num="10" count="3" type="stmt"/>
      <line num="12" count="2" type="stmt"/>
      <line num="13" count="2" type="stmt"/>
      <line num="14" count="2" type="stmt"/>
      <line num="25" count="2" type="stmt"/>
      <line num="27" count="1" type="stmt"/>
      <line num="28" count="1" type="stmt"/>
    </file>
    <file name="lessonService.ts" path="C:\Users\erikv\OneDrive\Documentos\Faculdade\5_sem\AGES II\app\services\lessonService.ts">
      <metrics statements="30" coveredstatements="30" conditionals="2" coveredconditionals="2" methods="5" coveredmethods="5"/>
      <line num="2" count="2" type="stmt"/>
      <line num="3" count="2" type="stmt"/>
      <line num="5" count="2" type="stmt"/>
      <line num="8" count="5" type="stmt"/>
      <line num="9" count="5" type="stmt"/>
      <line num="10" count="5" type="stmt"/>
      <line num="12" count="4" type="cond" truecount="1" falsecount="0"/>
      <line num="13" count="1" type="stmt"/>
      <line num="14" count="1" type="stmt"/>
      <line num="17" count="3" type="stmt"/>
      <line num="19" count="3" type="stmt"/>
      <line num="21" count="3" type="stmt"/>
      <line num="23" count="1" type="stmt"/>
      <line num="24" count="1" type="stmt"/>
      <line num="28" count="2" type="stmt"/>
      <line num="31" count="3" type="stmt"/>
      <line num="32" count="3" type="stmt"/>
      <line num="33" count="3" type="stmt"/>
      <line num="35" count="2" type="stmt"/>
      <line num="39" count="2" type="stmt"/>
      <line num="41" count="1" type="stmt"/>
      <line num="42" count="1" type="stmt"/>
      <line num="46" count="2" type="stmt"/>
      <line num="49" count="4" type="cond" truecount="1" falsecount="0"/>
      <line num="51" count="3" type="stmt"/>
      <line num="52" count="3" type="stmt"/>
      <line num="53" count="3" type="stmt"/>
      <line num="55" count="1" type="stmt"/>
      <line num="56" count="1" type="stmt"/>
      <line num="58" count="2" type="stmt"/>
    </file>
    <file name="minigameService.ts" path="C:\Users\erikv\OneDrive\Documentos\Faculdade\5_sem\AGES II\app\services\minigameService.ts">
      <metrics statements="25" coveredstatements="25" conditionals="3" coveredconditionals="3" methods="3" coveredmethods="3"/>
      <line num="2" count="1" type="stmt"/>
      <line num="3" count="1" type="stmt"/>
      <line num="13" count="1" type="stmt"/>
      <line num="16" count="3" type="stmt"/>
      <line num="17" count="3" type="stmt"/>
      <line num="18" count="3" type="stmt"/>
      <line num="20" count="2" type="cond" truecount="1" falsecount="0"/>
      <line num="21" count="1" type="stmt"/>
      <line num="22" count="1" type="stmt"/>
      <line num="25" count="1" type="stmt"/>
      <line num="27" count="1" type="stmt"/>
      <line num="35" count="1" type="stmt"/>
      <line num="37" count="1" type="stmt"/>
      <line num="38" count="1" type="stmt"/>
      <line num="42" count="1" type="stmt"/>
      <line num="49" count="1" type="stmt"/>
      <line num="50" count="3" type="stmt"/>
      <line num="51" count="3" type="stmt"/>
      <line num="52" count="3" type="stmt"/>
      <line num="56" count="2" type="stmt"/>
      <line num="57" count="2" type="stmt"/>
      <line num="58" count="2" type="stmt"/>
      <line num="59" count="2" type="stmt"/>
      <line num="66" count="2" type="stmt"/>
      <line num="68" count="1" type="stmt"/>
    </file>
    <file name="petService.ts" path="C:\Users\erikv\OneDrive\Documentos\Faculdade\5_sem\AGES II\app\services\petService.ts">
      <metrics statements="27" coveredstatements="27" conditionals="4" coveredconditionals="4" methods="3" coveredmethods="3"/>
      <line num="1" count="4" type="stmt"/>
      <line num="10" count="4" type="stmt"/>
      <line num="13" count="4" type="stmt"/>
      <line num="14" count="3" type="stmt"/>
      <line num="15" count="3" type="stmt"/>
      <line num="17" count="3" type="cond" truecount="1" falsecount="0"/>
      <line num="18" count="1" type="stmt"/>
      <line num="19" count="1" type="stmt"/>
      <line num="22" count="2" type="stmt"/>
      <line num="25" count="4" type="stmt"/>
      <line num="26" count="5" type="cond" truecount="3" falsecount="0"/>
      <line num="28" count="3" type="stmt"/>
      <line num="29" count="3" type="stmt"/>
      <line num="30" count="3" type="stmt"/>
      <line num="32" count="1" type="stmt"/>
      <line num="33" count="1" type="stmt"/>
      <line num="36" count="2" type="stmt"/>
      <line num="50" count="4" type="stmt"/>
      <line num="51" count="3" type="stmt"/>
      <line num="52" count="3" type="stmt"/>
      <line num="54" count="2" type="stmt"/>
      <line num="55" count="2" type="stmt"/>
      <line num="77" count="2" type="stmt"/>
      <line num="79" count="2" type="stmt"/>
      <line num="86" count="2" type="stmt"/>
      <line num="88" count="1" type="stmt"/>
      <line num="89" count="1" type="stmt"/>
    </file>
    <file name="questionService.ts" path="C:\Users\erikv\OneDrive\Documentos\Faculdade\5_sem\AGES II\app\services\questionService.ts">
      <metrics statements="21" coveredstatements="21" conditionals="18" coveredconditionals="18" methods="3" coveredmethods="3"/>
      <line num="1" count="1" type="stmt"/>
      <line num="2" count="1" type="stmt"/>
      <line num="5" count="1" type="stmt"/>
      <line num="8" count="3" type="stmt"/>
      <line num="9" count="3" type="stmt"/>
      <line num="10" count="3" type="stmt"/>
      <line num="12" count="2" type="stmt"/>
      <line num="13" count="2" type="stmt"/>
      <line num="14" count="2" type="stmt"/>
      <line num="24" count="2" type="stmt"/>
      <line num="26" count="1" type="stmt"/>
      <line num="30" count="1" type="stmt"/>
      <line num="31" count="4" type="stmt"/>
      <line num="32" count="4" type="stmt"/>
      <line num="33" count="4" type="stmt"/>
      <line num="35" count="3" type="cond" truecount="2" falsecount="0"/>
      <line num="36" count="2" type="stmt"/>
      <line num="37" count="2" type="stmt"/>
      <line num="47" count="1" type="stmt"/>
      <line num="50" count="2" type="stmt"/>
      <line num="51" count="2" type="stmt"/>
    </file>
    <file name="userService.ts" path="C:\Users\erikv\OneDrive\Documentos\Faculdade\5_sem\AGES II\app\services\userService.ts">
      <metrics statements="36" coveredstatements="36" conditionals="8" coveredconditionals="8" methods="4" coveredmethods="4"/>
      <line num="3" count="2" type="stmt"/>
      <line num="4" count="2" type="stmt"/>
      <line num="13" count="2" type="stmt"/>
      <line num="20" count="2" type="stmt"/>
      <line num="23" count="7" type="stmt"/>
      <line num="24" count="7" type="stmt"/>
      <line num="25" count="5" type="cond" truecount="1" falsecount="0"/>
      <line num="27" count="4" type="stmt"/>
      <line num="28" count="4" type="cond" truecount="1" falsecount="0"/>
      <line num="30" count="3" type="stmt"/>
      <line num="31" count="3" type="cond" truecount="1" falsecount="0"/>
      <line num="33" count="2" type="stmt"/>
      <line num="35" count="2" type="stmt"/>
      <line num="37" count="2" type="stmt"/>
      <line num="39" count="2" type="stmt"/>
      <line num="40" count="2" type="stmt"/>
      <line num="44" count="2" type="stmt"/>
      <line num="47" count="10" type="cond" truecount="1" falsecount="0"/>
      <line num="48" count="1" type="stmt"/>
      <line num="49" count="1" type="stmt"/>
      <line num="52" count="9" type="stmt"/>
      <line num="53" count="9" type="stmt"/>
      <line num="54" count="7" type="cond" truecount="1" falsecount="0"/>
      <line num="55" count="2" type="stmt"/>
      <line num="56" count="2" type="stmt"/>
      <line num="59" count="5" type="stmt"/>
      <line num="62" count="2" type="stmt"/>
      <line num="63" count="10" type="stmt"/>
      <line num="66" count="2" type="stmt"/>
      <line num="70" count="4" type="cond" truecount="3" falsecount="0"/>
      <line num="72" count="2" type="stmt"/>
      <line num="73" count="2" type="stmt"/>
      <line num="74" count="2" type="stmt"/>
      <line num="76" count="1" type="stmt"/>
      <line num="77" count="1" type="stmt"/>
      <line num="80" count="1" type="stmt"/>
    </file>
  </project>
</coverage>
