{"C:\\Users\\erikv\\OneDrive\\Documentos\\Faculdade\\5_sem\\AGES II\\app\\services\\itemService.ts": {"path":"C:\\Users\\erikv\\OneDrive\\Documentos\\Faculdade\\5_sem\\AGES II\\app\\services\\itemService.ts","statementMap":{"0":{"start":{"line":2,"column":0},"end":{"line":2,"column":37}},"1":{"start":{"line":3,"column":0},"end":{"line":3,"column":55}},"2":{"start":{"line":5,"column":33},"end":{"line":28,"column":1}},"3":{"start":{"line":6,"column":4},"end":{"line":27,"column":5}},"4":{"start":{"line":7,"column":34},"end":{"line":7,"column":56}},"5":{"start":{"line":8,"column":30},"end":{"line":8,"column":62}},"6":{"start":{"line":10,"column":30},"end":{"line":21,"column":10}},"7":{"start":{"line":11,"column":25},"end":{"line":11,"column":35}},"8":{"start":{"line":12,"column":12},"end":{"line":20,"column":null}},"9":{"start":{"line":23,"column":8},"end":{"line":23,"column":null}},"10":{"start":{"line":25,"column":8},"end":{"line":25,"column":null}},"11":{"start":{"line":26,"column":8},"end":{"line":26,"column":null}},"12":{"start":{"line":5,"column":13},"end":{"line":5,"column":33}}},"fnMap":{"0":{"name":"(anonymous_0)","decl":{"start":{"line":5,"column":33},"end":{"line":5,"column":38}},"loc":{"start":{"line":5,"column":77},"end":{"line":28,"column":1}}},"1":{"name":"(anonymous_1)","decl":{"start":{"line":10,"column":53},"end":{"line":10,"column":54}},"loc":{"start":{"line":10,"column":61},"end":{"line":21,"column":9}}}},"branchMap":{},"s":{"0":0,"1":0,"2":0,"3":0,"4":0,"5":0,"6":0,"7":0,"8":0,"9":0,"10":0,"11":0,"12":0},"f":{"0":0,"1":0},"b":{}}
,"C:\\Users\\erikv\\OneDrive\\Documentos\\Faculdade\\5_sem\\AGES II\\app\\services\\lessonService.ts": {"path":"C:\\Users\\erikv\\OneDrive\\Documentos\\Faculdade\\5_sem\\AGES II\\app\\services\\lessonService.ts","statementMap":{"0":{"start":{"line":2,"column":0},"end":{"line":2,"column":37}},"1":{"start":{"line":3,"column":0},"end":{"line":3,"column":69}},"2":{"start":{"line":5,"column":36},"end":{"line":26,"column":1}},"3":{"start":{"line":8,"column":4},"end":{"line":25,"column":5}},"4":{"start":{"line":9,"column":26},"end":{"line":9,"column":47}},"5":{"start":{"line":10,"column":27},"end":{"line":10,"column":50}},"6":{"start":{"line":12,"column":8},"end":{"line":15,"column":9}},"7":{"start":{"line":13,"column":12},"end":{"line":13,"column":null}},"8":{"start":{"line":14,"column":12},"end":{"line":14,"column":null}},"9":{"start":{"line":17,"column":27},"end":{"line":17,"column":54}},"10":{"start":{"line":19,"column":31},"end":{"line":19,"column":46}},"11":{"start":{"line":21,"column":8},"end":{"line":21,"column":null}},"12":{"start":{"line":23,"column":8},"end":{"line":23,"column":null}},"13":{"start":{"line":24,"column":8},"end":{"line":24,"column":null}},"14":{"start":{"line":5,"column":13},"end":{"line":5,"column":36}},"15":{"start":{"line":28,"column":36},"end":{"line":42,"column":1}},"16":{"start":{"line":29,"column":4},"end":{"line":41,"column":5}},"17":{"start":{"line":30,"column":26},"end":{"line":30,"column":50}},"18":{"start":{"line":31,"column":27},"end":{"line":31,"column":51}},"19":{"start":{"line":33,"column":34},"end":{"line":35,"column":23}},"20":{"start":{"line":33,"column":62},"end":{"line":35,"column":10}},"21":{"start":{"line":37,"column":8},"end":{"line":37,"column":null}},"22":{"start":{"line":39,"column":8},"end":{"line":39,"column":null}},"23":{"start":{"line":40,"column":8},"end":{"line":40,"column":null}},"24":{"start":{"line":28,"column":13},"end":{"line":28,"column":36}}},"fnMap":{"0":{"name":"(anonymous_0)","decl":{"start":{"line":5,"column":36},"end":{"line":5,"column":41}},"loc":{"start":{"line":7,"column":40},"end":{"line":26,"column":1}}},"1":{"name":"(anonymous_1)","decl":{"start":{"line":28,"column":36},"end":{"line":28,"column":41}},"loc":{"start":{"line":28,"column":86},"end":{"line":42,"column":1}}},"2":{"name":"(anonymous_2)","decl":{"start":{"line":33,"column":54},"end":{"line":33,"column":57}},"loc":{"start":{"line":33,"column":62},"end":{"line":35,"column":10}}}},"branchMap":{"0":{"loc":{"start":{"line":12,"column":8},"end":{"line":15,"column":9}},"type":"if","locations":[{"start":{"line":12,"column":8},"end":{"line":15,"column":9}}]}},"s":{"0":2,"1":2,"2":2,"3":3,"4":3,"5":3,"6":2,"7":1,"8":1,"9":1,"10":1,"11":1,"12":1,"13":1,"14":2,"15":2,"16":2,"17":2,"18":2,"19":1,"20":3,"21":1,"22":1,"23":1,"24":2},"f":{"0":3,"1":2,"2":3},"b":{"0":[1]}}
,"C:\\Users\\erikv\\OneDrive\\Documentos\\Faculdade\\5_sem\\AGES II\\app\\services\\minigameService.ts": {"path":"C:\\Users\\erikv\\OneDrive\\Documentos\\Faculdade\\5_sem\\AGES II\\app\\services\\minigameService.ts","statementMap":{"0":{"start":{"line":2,"column":0},"end":{"line":2,"column":37}},"1":{"start":{"line":3,"column":0},"end":{"line":3,"column":48}},"2":{"start":{"line":5,"column":38},"end":{"line":30,"column":1}},"3":{"start":{"line":8,"column":4},"end":{"line":29,"column":5}},"4":{"start":{"line":9,"column":28},"end":{"line":9,"column":51}},"5":{"start":{"line":10,"column":29},"end":{"line":10,"column":54}},"6":{"start":{"line":12,"column":8},"end":{"line":15,"column":9}},"7":{"start":{"line":13,"column":12},"end":{"line":13,"column":null}},"8":{"start":{"line":14,"column":12},"end":{"line":14,"column":null}},"9":{"start":{"line":17,"column":29},"end":{"line":17,"column":60}},"10":{"start":{"line":19,"column":35},"end":{"line":23,"column":null}},"11":{"start":{"line":25,"column":8},"end":{"line":25,"column":null}},"12":{"start":{"line":27,"column":8},"end":{"line":27,"column":null}},"13":{"start":{"line":28,"column":8},"end":{"line":28,"column":null}},"14":{"start":{"line":5,"column":13},"end":{"line":5,"column":38}}},"fnMap":{"0":{"name":"(anonymous_0)","decl":{"start":{"line":5,"column":38},"end":{"line":5,"column":43}},"loc":{"start":{"line":7,"column":44},"end":{"line":30,"column":1}}}},"branchMap":{"0":{"loc":{"start":{"line":12,"column":8},"end":{"line":15,"column":9}},"type":"if","locations":[{"start":{"line":12,"column":8},"end":{"line":15,"column":9}}]}},"s":{"0":0,"1":0,"2":0,"3":0,"4":0,"5":0,"6":0,"7":0,"8":0,"9":0,"10":0,"11":0,"12":0,"13":0,"14":0},"f":{"0":0},"b":{"0":[0]}}
,"C:\\Users\\erikv\\OneDrive\\Documentos\\Faculdade\\5_sem\\AGES II\\app\\services\\petService.ts": {"path":"C:\\Users\\erikv\\OneDrive\\Documentos\\Faculdade\\5_sem\\AGES II\\app\\services\\petService.ts","statementMap":{"0":{"start":{"line":1,"column":0},"end":{"line":1,"column":null}},"1":{"start":{"line":10,"column":0},"end":{"line":10,"column":37}},"2":{"start":{"line":13,"column":37},"end":{"line":24,"column":1}},"3":{"start":{"line":16,"column":20},"end":{"line":16,"column":40}},"4":{"start":{"line":18,"column":4},"end":{"line":21,"column":5}},"5":{"start":{"line":19,"column":8},"end":{"line":19,"column":null}},"6":{"start":{"line":20,"column":8},"end":{"line":20,"column":null}},"7":{"start":{"line":23,"column":4},"end":{"line":23,"column":null}},"8":{"start":{"line":13,"column":13},"end":{"line":13,"column":37}},"9":{"start":{"line":26,"column":25},"end":{"line":41,"column":1}},"10":{"start":{"line":30,"column":4},"end":{"line":30,"column":null}},"11":{"start":{"line":30,"column":53},"end":{"line":30,"column":null}},"12":{"start":{"line":32,"column":4},"end":{"line":38,"column":5}},"13":{"start":{"line":33,"column":23},"end":{"line":33,"column":44}},"14":{"start":{"line":34,"column":8},"end":{"line":34,"column":null}},"15":{"start":{"line":36,"column":8},"end":{"line":36,"column":null}},"16":{"start":{"line":37,"column":8},"end":{"line":37,"column":null}},"17":{"start":{"line":40,"column":4},"end":{"line":40,"column":null}},"18":{"start":{"line":26,"column":13},"end":{"line":26,"column":25}},"19":{"start":{"line":54,"column":22},"end":{"line":94,"column":1}},"20":{"start":{"line":55,"column":4},"end":{"line":93,"column":5}},"21":{"start":{"line":56,"column":33},"end":{"line":56,"column":54}},"22":{"start":{"line":58,"column":30},"end":{"line":78,"column":null}},"23":{"start":{"line":80,"column":23},"end":{"line":80,"column":68}},"24":{"start":{"line":82,"column":32},"end":{"line":87,"column":null}},"25":{"start":{"line":89,"column":8},"end":{"line":89,"column":null}},"26":{"start":{"line":91,"column":8},"end":{"line":91,"column":null}},"27":{"start":{"line":92,"column":8},"end":{"line":92,"column":null}},"28":{"start":{"line":54,"column":13},"end":{"line":54,"column":22}}},"fnMap":{"0":{"name":"(anonymous_0)","decl":{"start":{"line":13,"column":37},"end":{"line":13,"column":42}},"loc":{"start":{"line":15,"column":4},"end":{"line":24,"column":1}}},"1":{"name":"(anonymous_1)","decl":{"start":{"line":26,"column":25},"end":{"line":26,"column":30}},"loc":{"start":{"line":29,"column":4},"end":{"line":41,"column":1}}},"2":{"name":"(anonymous_2)","decl":{"start":{"line":54,"column":22},"end":{"line":54,"column":27}},"loc":{"start":{"line":54,"column":76},"end":{"line":94,"column":1}}}},"branchMap":{"0":{"loc":{"start":{"line":18,"column":4},"end":{"line":21,"column":5}},"type":"if","locations":[{"start":{"line":18,"column":4},"end":{"line":21,"column":5}}]},"1":{"loc":{"start":{"line":30,"column":4},"end":{"line":30,"column":null}},"type":"if","locations":[{"start":{"line":30,"column":4},"end":{"line":30,"column":null}}]},"2":{"loc":{"start":{"line":30,"column":8},"end":{"line":30,"column":51}},"type":"binary-expr","locations":[{"start":{"line":30,"column":8},"end":{"line":30,"column":14}},{"start":{"line":30,"column":18},"end":{"line":30,"column":51}}]}},"s":{"0":6,"1":6,"2":6,"3":4,"4":4,"5":2,"6":2,"7":2,"8":6,"9":6,"10":4,"11":2,"12":2,"13":2,"14":2,"15":1,"16":1,"17":1,"18":6,"19":6,"20":2,"21":2,"22":1,"23":1,"24":1,"25":1,"26":1,"27":1,"28":6},"f":{"0":4,"1":4,"2":2},"b":{"0":[2],"1":[2],"2":[4,3]}}
,"C:\\Users\\erikv\\OneDrive\\Documentos\\Faculdade\\5_sem\\AGES II\\app\\services\\questionService.ts": {"path":"C:\\Users\\erikv\\OneDrive\\Documentos\\Faculdade\\5_sem\\AGES II\\app\\services\\questionService.ts","statementMap":{"0":{"start":{"line":1,"column":0},"end":{"line":1,"column":null}},"1":{"start":{"line":8,"column":0},"end":{"line":8,"column":47}},"2":{"start":{"line":11,"column":11},"end":{"line":11,"column":36}},"3":{"start":{"line":18,"column":33},"end":{"line":42,"column":1}},"4":{"start":{"line":19,"column":4},"end":{"line":41,"column":5}},"5":{"start":{"line":20,"column":39},"end":{"line":20,"column":65}},"6":{"start":{"line":21,"column":59},"end":{"line":22,"column":null}},"7":{"start":{"line":25,"column":38},"end":{"line":25,"column":40}},"8":{"start":{"line":26,"column":8},"end":{"line":37,"column":null}},"9":{"start":{"line":27,"column":25},"end":{"line":27,"column":35}},"10":{"start":{"line":28,"column":12},"end":{"line":36,"column":null}},"11":{"start":{"line":38,"column":8},"end":{"line":38,"column":null}},"12":{"start":{"line":40,"column":8},"end":{"line":40,"column":null}},"13":{"start":{"line":18,"column":13},"end":{"line":18,"column":33}}},"fnMap":{"0":{"name":"(anonymous_0)","decl":{"start":{"line":18,"column":33},"end":{"line":18,"column":38}},"loc":{"start":{"line":18,"column":65},"end":{"line":42,"column":1}}},"1":{"name":"(anonymous_1)","decl":{"start":{"line":26,"column":30},"end":{"line":26,"column":31}},"loc":{"start":{"line":26,"column":38},"end":{"line":37,"column":9}}}},"branchMap":{"0":{"loc":{"start":{"line":30,"column":25},"end":{"line":30,"column":43}},"type":"binary-expr","locations":[{"start":{"line":30,"column":25},"end":{"line":30,"column":37}},{"start":{"line":30,"column":41},"end":{"line":30,"column":43}}]},"1":{"loc":{"start":{"line":31,"column":29},"end":{"line":31,"column":65}},"type":"binary-expr","locations":[{"start":{"line":31,"column":29},"end":{"line":31,"column":45}},{"start":{"line":31,"column":49},"end":{"line":31,"column":65}}]},"2":{"loc":{"start":{"line":32,"column":29},"end":{"line":32,"column":65}},"type":"binary-expr","locations":[{"start":{"line":32,"column":29},"end":{"line":32,"column":45}},{"start":{"line":32,"column":49},"end":{"line":32,"column":65}}]},"3":{"loc":{"start":{"line":35,"column":23},"end":{"line":35,"column":56}},"type":"binary-expr","locations":[{"start":{"line":35,"column":23},"end":{"line":35,"column":33}},{"start":{"line":35,"column":37},"end":{"line":35,"column":56}}]}},"s":{"0":0,"1":0,"2":0,"3":0,"4":0,"5":0,"6":0,"7":0,"8":0,"9":0,"10":0,"11":0,"12":0,"13":0},"f":{"0":0,"1":0},"b":{"0":[0,0],"1":[0,0],"2":[0,0],"3":[0,0]}}
,"C:\\Users\\erikv\\OneDrive\\Documentos\\Faculdade\\5_sem\\AGES II\\app\\services\\userService.ts": {"path":"C:\\Users\\erikv\\OneDrive\\Documentos\\Faculdade\\5_sem\\AGES II\\app\\services\\userService.ts","statementMap":{"0":{"start":{"line":3,"column":0},"end":{"line":3,"column":37}},"1":{"start":{"line":4,"column":0},"end":{"line":4,"column":null}},"2":{"start":{"line":13,"column":0},"end":{"line":13,"column":52}},"3":{"start":{"line":20,"column":37},"end":{"line":42,"column":1}},"4":{"start":{"line":23,"column":4},"end":{"line":41,"column":5}},"5":{"start":{"line":24,"column":25},"end":{"line":24,"column":56}},"6":{"start":{"line":25,"column":8},"end":{"line":25,"column":null}},"7":{"start":{"line":25,"column":23},"end":{"line":25,"column":null}},"8":{"start":{"line":27,"column":29},"end":{"line":27,"column":41}},"9":{"start":{"line":28,"column":8},"end":{"line":28,"column":null}},"10":{"start":{"line":28,"column":27},"end":{"line":28,"column":null}},"11":{"start":{"line":30,"column":24},"end":{"line":30,"column":65}},"12":{"start":{"line":31,"column":8},"end":{"line":31,"column":null}},"13":{"start":{"line":31,"column":22},"end":{"line":31,"column":null}},"14":{"start":{"line":33,"column":25},"end":{"line":33,"column":46}},"15":{"start":{"line":35,"column":27},"end":{"line":35,"column":50}},"16":{"start":{"line":37,"column":8},"end":{"line":37,"column":null}},"17":{"start":{"line":39,"column":8},"end":{"line":39,"column":null}},"18":{"start":{"line":40,"column":8},"end":{"line":40,"column":null}},"19":{"start":{"line":20,"column":13},"end":{"line":20,"column":37}},"20":{"start":{"line":44,"column":34},"end":{"line":60,"column":1}},"21":{"start":{"line":47,"column":4},"end":{"line":50,"column":5}},"22":{"start":{"line":48,"column":8},"end":{"line":48,"column":null}},"23":{"start":{"line":49,"column":8},"end":{"line":49,"column":null}},"24":{"start":{"line":52,"column":22},"end":{"line":52,"column":80}},"25":{"start":{"line":53,"column":21},"end":{"line":53,"column":45}},"26":{"start":{"line":54,"column":4},"end":{"line":57,"column":5}},"27":{"start":{"line":55,"column":8},"end":{"line":55,"column":null}},"28":{"start":{"line":56,"column":8},"end":{"line":56,"column":null}},"29":{"start":{"line":59,"column":4},"end":{"line":59,"column":null}},"30":{"start":{"line":44,"column":13},"end":{"line":44,"column":34}},"31":{"start":{"line":62,"column":21},"end":{"line":64,"column":1}},"32":{"start":{"line":63,"column":4},"end":{"line":63,"column":null}},"33":{"start":{"line":66,"column":26},"end":{"line":81,"column":1}},"34":{"start":{"line":70,"column":4},"end":{"line":70,"column":null}},"35":{"start":{"line":70,"column":55},"end":{"line":70,"column":null}},"36":{"start":{"line":72,"column":4},"end":{"line":78,"column":5}},"37":{"start":{"line":73,"column":30},"end":{"line":73,"column":53}},"38":{"start":{"line":74,"column":8},"end":{"line":74,"column":null}},"39":{"start":{"line":76,"column":8},"end":{"line":76,"column":null}},"40":{"start":{"line":77,"column":8},"end":{"line":77,"column":null}},"41":{"start":{"line":80,"column":4},"end":{"line":80,"column":null}},"42":{"start":{"line":66,"column":13},"end":{"line":66,"column":26}}},"fnMap":{"0":{"name":"(anonymous_0)","decl":{"start":{"line":20,"column":37},"end":{"line":20,"column":42}},"loc":{"start":{"line":22,"column":46},"end":{"line":42,"column":1}}},"1":{"name":"(anonymous_1)","decl":{"start":{"line":44,"column":34},"end":{"line":44,"column":39}},"loc":{"start":{"line":46,"column":34},"end":{"line":60,"column":1}}},"2":{"name":"(anonymous_2)","decl":{"start":{"line":62,"column":21},"end":{"line":62,"column":22}},"loc":{"start":{"line":62,"column":48},"end":{"line":64,"column":1}}},"3":{"name":"(anonymous_3)","decl":{"start":{"line":66,"column":26},"end":{"line":66,"column":31}},"loc":{"start":{"line":69,"column":22},"end":{"line":81,"column":1}}}},"branchMap":{"0":{"loc":{"start":{"line":25,"column":8},"end":{"line":25,"column":null}},"type":"if","locations":[{"start":{"line":25,"column":8},"end":{"line":25,"column":null}}]},"1":{"loc":{"start":{"line":28,"column":8},"end":{"line":28,"column":null}},"type":"if","locations":[{"start":{"line":28,"column":8},"end":{"line":28,"column":null}}]},"2":{"loc":{"start":{"line":31,"column":8},"end":{"line":31,"column":null}},"type":"if","locations":[{"start":{"line":31,"column":8},"end":{"line":31,"column":null}}]},"3":{"loc":{"start":{"line":47,"column":4},"end":{"line":50,"column":5}},"type":"if","locations":[{"start":{"line":47,"column":4},"end":{"line":50,"column":5}}]},"4":{"loc":{"start":{"line":54,"column":4},"end":{"line":57,"column":5}},"type":"if","locations":[{"start":{"line":54,"column":4},"end":{"line":57,"column":5}}]},"5":{"loc":{"start":{"line":70,"column":4},"end":{"line":70,"column":null}},"type":"if","locations":[{"start":{"line":70,"column":4},"end":{"line":70,"column":null}}]},"6":{"loc":{"start":{"line":70,"column":8},"end":{"line":70,"column":53}},"type":"binary-expr","locations":[{"start":{"line":70,"column":8},"end":{"line":70,"column":15}},{"start":{"line":70,"column":19},"end":{"line":70,"column":53}}]}},"s":{"0":3,"1":3,"2":3,"3":3,"4":6,"5":6,"6":5,"7":2,"8":3,"9":3,"10":1,"11":2,"12":2,"13":1,"14":1,"15":1,"16":1,"17":1,"18":1,"19":3,"20":3,"21":9,"22":2,"23":2,"24":7,"25":7,"26":6,"27":2,"28":2,"29":4,"30":3,"31":3,"32":9,"33":3,"34":4,"35":2,"36":2,"37":2,"38":2,"39":1,"40":1,"41":1,"42":3},"f":{"0":6,"1":9,"2":9,"3":4},"b":{"0":[2],"1":[1],"2":[1],"3":[2],"4":[2],"5":[2],"6":[4,3]}}
}
