{"D:\\Ages\\github\\app\\services\\achievementService.ts": {"path":"D:\\Ages\\github\\app\\services\\achievementService.ts","statementMap":{"0":{"start":{"line":1,"column":0},"end":{"line":1,"column":null}},"1":{"start":{"line":8,"column":0},"end":{"line":8,"column":47}},"2":{"start":{"line":11,"column":11},"end":{"line":11,"column":36}},"3":{"start":{"line":18,"column":33},"end":{"line":38,"column":1}},"4":{"start":{"line":19,"column":4},"end":{"line":37,"column":5}},"5":{"start":{"line":20,"column":42},"end":{"line":20,"column":72}},"6":{"start":{"line":21,"column":59},"end":{"line":22,"column":null}},"7":{"start":{"line":25,"column":44},"end":{"line":25,"column":46}},"8":{"start":{"line":26,"column":8},"end":{"line":33,"column":null}},"9":{"start":{"line":27,"column":38},"end":{"line":27,"column":63}},"10":{"start":{"line":28,"column":12},"end":{"line":32,"column":null}},"11":{"start":{"line":34,"column":8},"end":{"line":34,"column":null}},"12":{"start":{"line":36,"column":8},"end":{"line":36,"column":null}},"13":{"start":{"line":18,"column":13},"end":{"line":18,"column":33}}},"fnMap":{"0":{"name":"(anonymous_0)","decl":{"start":{"line":18,"column":33},"end":{"line":18,"column":38}},"loc":{"start":{"line":18,"column":68},"end":{"line":38,"column":1}}},"1":{"name":"(anonymous_1)","decl":{"start":{"line":26,"column":30},"end":{"line":26,"column":31}},"loc":{"start":{"line":26,"column":38},"end":{"line":33,"column":9}}}},"branchMap":{},"s":{"0":1,"1":1,"2":1,"3":1,"4":3,"5":3,"6":3,"7":2,"8":2,"9":2,"10":2,"11":2,"12":1,"13":1},"f":{"0":3,"1":2},"b":{}}
,"D:\\Ages\\github\\app\\services\\itemService.ts": {"path":"D:\\Ages\\github\\app\\services\\itemService.ts","statementMap":{"0":{"start":{"line":2,"column":0},"end":{"line":2,"column":37}},"1":{"start":{"line":3,"column":0},"end":{"line":3,"column":56}},"2":{"start":{"line":5,"column":27},"end":{"line":30,"column":1}},"3":{"start":{"line":8,"column":4},"end":{"line":29,"column":5}},"4":{"start":{"line":9,"column":34},"end":{"line":9,"column":56}},"5":{"start":{"line":10,"column":30},"end":{"line":10,"column":62}},"6":{"start":{"line":12,"column":30},"end":{"line":23,"column":10}},"7":{"start":{"line":13,"column":25},"end":{"line":13,"column":35}},"8":{"start":{"line":14,"column":12},"end":{"line":22,"column":null}},"9":{"start":{"line":25,"column":8},"end":{"line":25,"column":null}},"10":{"start":{"line":27,"column":8},"end":{"line":27,"column":null}},"11":{"start":{"line":28,"column":8},"end":{"line":28,"column":null}},"12":{"start":{"line":5,"column":13},"end":{"line":5,"column":27}}},"fnMap":{"0":{"name":"(anonymous_0)","decl":{"start":{"line":5,"column":27},"end":{"line":5,"column":32}},"loc":{"start":{"line":7,"column":12},"end":{"line":30,"column":1}}},"1":{"name":"(anonymous_1)","decl":{"start":{"line":12,"column":53},"end":{"line":12,"column":54}},"loc":{"start":{"line":12,"column":61},"end":{"line":23,"column":9}}}},"branchMap":{},"s":{"0":1,"1":1,"2":1,"3":3,"4":3,"5":3,"6":2,"7":2,"8":2,"9":2,"10":1,"11":1,"12":1},"f":{"0":3,"1":2},"b":{}}
,"D:\\Ages\\github\\app\\services\\lessonService.ts": {"path":"D:\\Ages\\github\\app\\services\\lessonService.ts","statementMap":{"0":{"start":{"line":2,"column":0},"end":{"line":2,"column":37}},"1":{"start":{"line":3,"column":0},"end":{"line":3,"column":80}},"2":{"start":{"line":5,"column":36},"end":{"line":26,"column":1}},"3":{"start":{"line":8,"column":4},"end":{"line":25,"column":5}},"4":{"start":{"line":9,"column":26},"end":{"line":9,"column":47}},"5":{"start":{"line":10,"column":27},"end":{"line":10,"column":50}},"6":{"start":{"line":12,"column":8},"end":{"line":15,"column":9}},"7":{"start":{"line":13,"column":12},"end":{"line":13,"column":null}},"8":{"start":{"line":14,"column":12},"end":{"line":14,"column":null}},"9":{"start":{"line":17,"column":27},"end":{"line":17,"column":54}},"10":{"start":{"line":19,"column":31},"end":{"line":19,"column":48}},"11":{"start":{"line":21,"column":8},"end":{"line":21,"column":null}},"12":{"start":{"line":23,"column":8},"end":{"line":23,"column":null}},"13":{"start":{"line":24,"column":8},"end":{"line":24,"column":null}},"14":{"start":{"line":5,"column":13},"end":{"line":5,"column":36}},"15":{"start":{"line":28,"column":36},"end":{"line":44,"column":1}},"16":{"start":{"line":31,"column":4},"end":{"line":43,"column":5}},"17":{"start":{"line":32,"column":26},"end":{"line":32,"column":50}},"18":{"start":{"line":33,"column":27},"end":{"line":33,"column":51}},"19":{"start":{"line":35,"column":34},"end":{"line":37,"column":23}},"20":{"start":{"line":35,"column":64},"end":{"line":37,"column":10}},"21":{"start":{"line":39,"column":8},"end":{"line":39,"column":null}},"22":{"start":{"line":39,"column":49},"end":{"line":39,"column":66}},"23":{"start":{"line":41,"column":8},"end":{"line":41,"column":null}},"24":{"start":{"line":42,"column":8},"end":{"line":42,"column":null}},"25":{"start":{"line":28,"column":13},"end":{"line":28,"column":36}},"26":{"start":{"line":46,"column":37},"end":{"line":59,"column":1}},"27":{"start":{"line":49,"column":4},"end":{"line":49,"column":null}},"28":{"start":{"line":49,"column":19},"end":{"line":49,"column":null}},"29":{"start":{"line":51,"column":4},"end":{"line":57,"column":5}},"30":{"start":{"line":52,"column":26},"end":{"line":52,"column":53}},"31":{"start":{"line":53,"column":8},"end":{"line":53,"column":null}},"32":{"start":{"line":55,"column":8},"end":{"line":55,"column":null}},"33":{"start":{"line":56,"column":8},"end":{"line":56,"column":null}},"34":{"start":{"line":58,"column":4},"end":{"line":58,"column":null}},"35":{"start":{"line":46,"column":13},"end":{"line":46,"column":37}}},"fnMap":{"0":{"name":"(anonymous_0)","decl":{"start":{"line":5,"column":36},"end":{"line":5,"column":41}},"loc":{"start":{"line":7,"column":40},"end":{"line":26,"column":1}}},"1":{"name":"(anonymous_1)","decl":{"start":{"line":28,"column":36},"end":{"line":28,"column":41}},"loc":{"start":{"line":30,"column":12},"end":{"line":44,"column":1}}},"2":{"name":"(anonymous_2)","decl":{"start":{"line":35,"column":54},"end":{"line":35,"column":55}},"loc":{"start":{"line":35,"column":64},"end":{"line":37,"column":10}}},"3":{"name":"(anonymous_3)","decl":{"start":{"line":39,"column":39},"end":{"line":39,"column":40}},"loc":{"start":{"line":39,"column":49},"end":{"line":39,"column":66}}},"4":{"name":"(anonymous_4)","decl":{"start":{"line":46,"column":37},"end":{"line":46,"column":42}},"loc":{"start":{"line":48,"column":22},"end":{"line":59,"column":1}}}},"branchMap":{"0":{"loc":{"start":{"line":12,"column":8},"end":{"line":15,"column":9}},"type":"if","locations":[{"start":{"line":12,"column":8},"end":{"line":15,"column":9}}]},"1":{"loc":{"start":{"line":49,"column":4},"end":{"line":49,"column":null}},"type":"if","locations":[{"start":{"line":49,"column":4},"end":{"line":49,"column":null}}]}},"s":{"0":2,"1":2,"2":2,"3":5,"4":5,"5":5,"6":4,"7":1,"8":1,"9":3,"10":3,"11":3,"12":1,"13":1,"14":2,"15":2,"16":3,"17":3,"18":3,"19":2,"20":2,"21":2,"22":1,"23":1,"24":1,"25":2,"26":2,"27":4,"28":1,"29":3,"30":3,"31":3,"32":1,"33":1,"34":2,"35":2},"f":{"0":5,"1":3,"2":2,"3":1,"4":4},"b":{"0":[1],"1":[1]}}
,"D:\\Ages\\github\\app\\services\\minigameService.ts": {"path":"D:\\Ages\\github\\app\\services\\minigameService.ts","statementMap":{"0":{"start":{"line":2,"column":0},"end":{"line":2,"column":46}},"1":{"start":{"line":3,"column":0},"end":{"line":3,"column":null}},"2":{"start":{"line":13,"column":38},"end":{"line":40,"column":1}},"3":{"start":{"line":16,"column":4},"end":{"line":39,"column":5}},"4":{"start":{"line":17,"column":28},"end":{"line":17,"column":51}},"5":{"start":{"line":18,"column":29},"end":{"line":18,"column":54}},"6":{"start":{"line":20,"column":8},"end":{"line":23,"column":9}},"7":{"start":{"line":21,"column":12},"end":{"line":21,"column":null}},"8":{"start":{"line":22,"column":12},"end":{"line":22,"column":null}},"9":{"start":{"line":25,"column":29},"end":{"line":25,"column":60}},"10":{"start":{"line":27,"column":35},"end":{"line":33,"column":null}},"11":{"start":{"line":35,"column":8},"end":{"line":35,"column":null}},"12":{"start":{"line":37,"column":8},"end":{"line":37,"column":null}},"13":{"start":{"line":38,"column":8},"end":{"line":38,"column":null}},"14":{"start":{"line":13,"column":13},"end":{"line":13,"column":38}},"15":{"start":{"line":42,"column":11},"end":{"line":42,"column":36}},"16":{"start":{"line":49,"column":30},"end":{"line":70,"column":1}},"17":{"start":{"line":50,"column":4},"end":{"line":69,"column":5}},"18":{"start":{"line":51,"column":39},"end":{"line":51,"column":65}},"19":{"start":{"line":52,"column":59},"end":{"line":53,"column":null}},"20":{"start":{"line":56,"column":38},"end":{"line":56,"column":40}},"21":{"start":{"line":57,"column":8},"end":{"line":65,"column":null}},"22":{"start":{"line":58,"column":35},"end":{"line":58,"column":57}},"23":{"start":{"line":59,"column":12},"end":{"line":64,"column":null}},"24":{"start":{"line":66,"column":8},"end":{"line":66,"column":null}},"25":{"start":{"line":68,"column":8},"end":{"line":68,"column":null}},"26":{"start":{"line":49,"column":13},"end":{"line":49,"column":30}}},"fnMap":{"0":{"name":"(anonymous_0)","decl":{"start":{"line":13,"column":38},"end":{"line":13,"column":43}},"loc":{"start":{"line":15,"column":44},"end":{"line":40,"column":1}}},"1":{"name":"(anonymous_1)","decl":{"start":{"line":49,"column":30},"end":{"line":49,"column":35}},"loc":{"start":{"line":49,"column":62},"end":{"line":70,"column":1}}},"2":{"name":"(anonymous_2)","decl":{"start":{"line":57,"column":30},"end":{"line":57,"column":31}},"loc":{"start":{"line":57,"column":38},"end":{"line":65,"column":9}}}},"branchMap":{"0":{"loc":{"start":{"line":20,"column":8},"end":{"line":23,"column":9}},"type":"if","locations":[{"start":{"line":20,"column":8},"end":{"line":23,"column":9}}]},"1":{"loc":{"start":{"line":63,"column":29},"end":{"line":63,"column":65}},"type":"binary-expr","locations":[{"start":{"line":63,"column":29},"end":{"line":63,"column":45}},{"start":{"line":63,"column":49},"end":{"line":63,"column":65}}]}},"s":{"0":1,"1":1,"2":1,"3":3,"4":3,"5":3,"6":2,"7":1,"8":1,"9":1,"10":1,"11":1,"12":1,"13":1,"14":1,"15":1,"16":1,"17":3,"18":3,"19":3,"20":2,"21":2,"22":2,"23":2,"24":2,"25":1,"26":1},"f":{"0":3,"1":3,"2":2},"b":{"0":[1],"1":[2,1]}}
,"D:\\Ages\\github\\app\\services\\petService.ts": {"path":"D:\\Ages\\github\\app\\services\\petService.ts","statementMap":{"0":{"start":{"line":1,"column":0},"end":{"line":1,"column":null}},"1":{"start":{"line":10,"column":0},"end":{"line":10,"column":37}},"2":{"start":{"line":13,"column":30},"end":{"line":23,"column":1}},"3":{"start":{"line":14,"column":52},"end":{"line":14,"column":71}},"4":{"start":{"line":15,"column":20},"end":{"line":15,"column":40}},"5":{"start":{"line":17,"column":4},"end":{"line":20,"column":5}},"6":{"start":{"line":18,"column":8},"end":{"line":18,"column":null}},"7":{"start":{"line":19,"column":8},"end":{"line":19,"column":null}},"8":{"start":{"line":22,"column":4},"end":{"line":22,"column":null}},"9":{"start":{"line":13,"column":13},"end":{"line":13,"column":30}},"10":{"start":{"line":25,"column":25},"end":{"line":37,"column":1}},"11":{"start":{"line":26,"column":4},"end":{"line":26,"column":null}},"12":{"start":{"line":26,"column":53},"end":{"line":26,"column":null}},"13":{"start":{"line":28,"column":4},"end":{"line":34,"column":5}},"14":{"start":{"line":29,"column":23},"end":{"line":29,"column":44}},"15":{"start":{"line":30,"column":8},"end":{"line":30,"column":null}},"16":{"start":{"line":32,"column":8},"end":{"line":32,"column":null}},"17":{"start":{"line":33,"column":8},"end":{"line":33,"column":null}},"18":{"start":{"line":36,"column":4},"end":{"line":36,"column":null}},"19":{"start":{"line":25,"column":13},"end":{"line":25,"column":25}},"20":{"start":{"line":50,"column":22},"end":{"line":91,"column":1}},"21":{"start":{"line":51,"column":4},"end":{"line":90,"column":5}},"22":{"start":{"line":52,"column":33},"end":{"line":52,"column":54}},"23":{"start":{"line":54,"column":29},"end":{"line":54,"column":53}},"24":{"start":{"line":55,"column":30},"end":{"line":75,"column":null}},"25":{"start":{"line":77,"column":23},"end":{"line":77,"column":68}},"26":{"start":{"line":79,"column":32},"end":{"line":84,"column":null}},"27":{"start":{"line":86,"column":8},"end":{"line":86,"column":null}},"28":{"start":{"line":88,"column":8},"end":{"line":88,"column":null}},"29":{"start":{"line":89,"column":8},"end":{"line":89,"column":null}},"30":{"start":{"line":50,"column":13},"end":{"line":50,"column":22}}},"fnMap":{"0":{"name":"(anonymous_0)","decl":{"start":{"line":13,"column":30},"end":{"line":13,"column":35}},"loc":{"start":{"line":13,"column":52},"end":{"line":23,"column":1}}},"1":{"name":"(anonymous_1)","decl":{"start":{"line":25,"column":25},"end":{"line":25,"column":30}},"loc":{"start":{"line":25,"column":72},"end":{"line":37,"column":1}}},"2":{"name":"(anonymous_2)","decl":{"start":{"line":50,"column":22},"end":{"line":50,"column":27}},"loc":{"start":{"line":50,"column":76},"end":{"line":91,"column":1}}}},"branchMap":{"0":{"loc":{"start":{"line":17,"column":4},"end":{"line":20,"column":5}},"type":"if","locations":[{"start":{"line":17,"column":4},"end":{"line":20,"column":5}}]},"1":{"loc":{"start":{"line":26,"column":4},"end":{"line":26,"column":null}},"type":"if","locations":[{"start":{"line":26,"column":4},"end":{"line":26,"column":null}}]},"2":{"loc":{"start":{"line":26,"column":8},"end":{"line":26,"column":51}},"type":"binary-expr","locations":[{"start":{"line":26,"column":8},"end":{"line":26,"column":14}},{"start":{"line":26,"column":18},"end":{"line":26,"column":51}}]}},"s":{"0":4,"1":4,"2":4,"3":3,"4":3,"5":3,"6":1,"7":1,"8":2,"9":4,"10":4,"11":5,"12":2,"13":3,"14":3,"15":3,"16":1,"17":1,"18":2,"19":4,"20":4,"21":3,"22":3,"23":2,"24":2,"25":2,"26":2,"27":2,"28":1,"29":1,"30":4},"f":{"0":3,"1":5,"2":3},"b":{"0":[1],"1":[2],"2":[5,4]}}
,"D:\\Ages\\github\\app\\services\\questionService.ts": {"path":"D:\\Ages\\github\\app\\services\\questionService.ts","statementMap":{"0":{"start":{"line":1,"column":0},"end":{"line":1,"column":69}},"1":{"start":{"line":2,"column":0},"end":{"line":2,"column":37}},"2":{"start":{"line":5,"column":40},"end":{"line":28,"column":1}},"3":{"start":{"line":8,"column":4},"end":{"line":27,"column":5}},"4":{"start":{"line":9,"column":39},"end":{"line":9,"column":65}},"5":{"start":{"line":10,"column":34},"end":{"line":10,"column":71}},"6":{"start":{"line":12,"column":38},"end":{"line":23,"column":10}},"7":{"start":{"line":13,"column":25},"end":{"line":13,"column":35}},"8":{"start":{"line":14,"column":12},"end":{"line":22,"column":null}},"9":{"start":{"line":24,"column":8},"end":{"line":24,"column":null}},"10":{"start":{"line":26,"column":8},"end":{"line":26,"column":null}},"11":{"start":{"line":5,"column":13},"end":{"line":5,"column":40}},"12":{"start":{"line":30,"column":33},"end":{"line":53,"column":1}},"13":{"start":{"line":31,"column":4},"end":{"line":52,"column":5}},"14":{"start":{"line":32,"column":31},"end":{"line":32,"column":62}},"15":{"start":{"line":33,"column":33},"end":{"line":33,"column":61}},"16":{"start":{"line":35,"column":8},"end":{"line":48,"column":9}},"17":{"start":{"line":36,"column":25},"end":{"line":36,"column":48}},"18":{"start":{"line":37,"column":12},"end":{"line":45,"column":null}},"19":{"start":{"line":47,"column":12},"end":{"line":47,"column":null}},"20":{"start":{"line":50,"column":8},"end":{"line":50,"column":null}},"21":{"start":{"line":51,"column":8},"end":{"line":51,"column":null}},"22":{"start":{"line":30,"column":13},"end":{"line":30,"column":33}}},"fnMap":{"0":{"name":"(anonymous_0)","decl":{"start":{"line":5,"column":40},"end":{"line":5,"column":45}},"loc":{"start":{"line":7,"column":12},"end":{"line":28,"column":1}}},"1":{"name":"(anonymous_1)","decl":{"start":{"line":12,"column":65},"end":{"line":12,"column":66}},"loc":{"start":{"line":12,"column":73},"end":{"line":23,"column":9}}},"2":{"name":"(anonymous_2)","decl":{"start":{"line":30,"column":33},"end":{"line":30,"column":38}},"loc":{"start":{"line":30,"column":80},"end":{"line":53,"column":1}}}},"branchMap":{"0":{"loc":{"start":{"line":16,"column":25},"end":{"line":16,"column":43}},"type":"binary-expr","locations":[{"start":{"line":16,"column":25},"end":{"line":16,"column":37}},{"start":{"line":16,"column":41},"end":{"line":16,"column":43}}]},"1":{"loc":{"start":{"line":17,"column":29},"end":{"line":17,"column":65}},"type":"binary-expr","locations":[{"start":{"line":17,"column":29},"end":{"line":17,"column":45}},{"start":{"line":17,"column":49},"end":{"line":17,"column":65}}]},"2":{"loc":{"start":{"line":18,"column":29},"end":{"line":18,"column":65}},"type":"binary-expr","locations":[{"start":{"line":18,"column":29},"end":{"line":18,"column":45}},{"start":{"line":18,"column":49},"end":{"line":18,"column":65}}]},"3":{"loc":{"start":{"line":21,"column":23},"end":{"line":21,"column":56}},"type":"binary-expr","locations":[{"start":{"line":21,"column":23},"end":{"line":21,"column":33}},{"start":{"line":21,"column":37},"end":{"line":21,"column":56}}]},"4":{"loc":{"start":{"line":35,"column":8},"end":{"line":48,"column":9}},"type":"if","locations":[{"start":{"line":35,"column":8},"end":{"line":48,"column":9}},{"start":{"line":46,"column":15},"end":{"line":48,"column":9}}]},"5":{"loc":{"start":{"line":39,"column":25},"end":{"line":39,"column":43}},"type":"binary-expr","locations":[{"start":{"line":39,"column":25},"end":{"line":39,"column":37}},{"start":{"line":39,"column":41},"end":{"line":39,"column":43}}]},"6":{"loc":{"start":{"line":40,"column":29},"end":{"line":40,"column":65}},"type":"binary-expr","locations":[{"start":{"line":40,"column":29},"end":{"line":40,"column":45}},{"start":{"line":40,"column":49},"end":{"line":40,"column":65}}]},"7":{"loc":{"start":{"line":41,"column":29},"end":{"line":41,"column":65}},"type":"binary-expr","locations":[{"start":{"line":41,"column":29},"end":{"line":41,"column":45}},{"start":{"line":41,"column":49},"end":{"line":41,"column":65}}]},"8":{"loc":{"start":{"line":44,"column":23},"end":{"line":44,"column":56}},"type":"binary-expr","locations":[{"start":{"line":44,"column":23},"end":{"line":44,"column":33}},{"start":{"line":44,"column":37},"end":{"line":44,"column":56}}]}},"s":{"0":1,"1":1,"2":1,"3":3,"4":3,"5":3,"6":2,"7":2,"8":2,"9":2,"10":1,"11":1,"12":1,"13":4,"14":4,"15":4,"16":3,"17":2,"18":2,"19":1,"20":2,"21":2,"22":1},"f":{"0":3,"1":2,"2":4},"b":{"0":[2,1],"1":[2,1],"2":[2,1],"3":[2,1],"4":[2,1],"5":[2,1],"6":[2,1],"7":[2,1],"8":[2,1]}}
,"D:\\Ages\\github\\app\\services\\userService.ts": {"path":"D:\\Ages\\github\\app\\services\\userService.ts","statementMap":{"0":{"start":{"line":3,"column":0},"end":{"line":3,"column":37}},"1":{"start":{"line":4,"column":0},"end":{"line":4,"column":null}},"2":{"start":{"line":13,"column":0},"end":{"line":13,"column":45}},"3":{"start":{"line":20,"column":37},"end":{"line":42,"column":1}},"4":{"start":{"line":23,"column":4},"end":{"line":41,"column":5}},"5":{"start":{"line":24,"column":25},"end":{"line":24,"column":56}},"6":{"start":{"line":25,"column":8},"end":{"line":25,"column":null}},"7":{"start":{"line":25,"column":23},"end":{"line":25,"column":null}},"8":{"start":{"line":27,"column":29},"end":{"line":27,"column":41}},"9":{"start":{"line":28,"column":8},"end":{"line":28,"column":null}},"10":{"start":{"line":28,"column":27},"end":{"line":28,"column":null}},"11":{"start":{"line":30,"column":24},"end":{"line":30,"column":58}},"12":{"start":{"line":31,"column":8},"end":{"line":31,"column":null}},"13":{"start":{"line":31,"column":22},"end":{"line":31,"column":null}},"14":{"start":{"line":33,"column":25},"end":{"line":33,"column":46}},"15":{"start":{"line":35,"column":27},"end":{"line":35,"column":50}},"16":{"start":{"line":37,"column":8},"end":{"line":37,"column":null}},"17":{"start":{"line":39,"column":8},"end":{"line":39,"column":null}},"18":{"start":{"line":40,"column":8},"end":{"line":40,"column":null}},"19":{"start":{"line":20,"column":13},"end":{"line":20,"column":37}},"20":{"start":{"line":44,"column":34},"end":{"line":60,"column":1}},"21":{"start":{"line":47,"column":4},"end":{"line":50,"column":5}},"22":{"start":{"line":48,"column":8},"end":{"line":48,"column":null}},"23":{"start":{"line":49,"column":8},"end":{"line":49,"column":null}},"24":{"start":{"line":52,"column":22},"end":{"line":52,"column":80}},"25":{"start":{"line":53,"column":21},"end":{"line":53,"column":45}},"26":{"start":{"line":54,"column":4},"end":{"line":57,"column":5}},"27":{"start":{"line":55,"column":8},"end":{"line":55,"column":null}},"28":{"start":{"line":56,"column":8},"end":{"line":56,"column":null}},"29":{"start":{"line":59,"column":4},"end":{"line":59,"column":null}},"30":{"start":{"line":44,"column":13},"end":{"line":44,"column":34}},"31":{"start":{"line":62,"column":21},"end":{"line":64,"column":1}},"32":{"start":{"line":63,"column":4},"end":{"line":63,"column":null}},"33":{"start":{"line":66,"column":26},"end":{"line":81,"column":1}},"34":{"start":{"line":70,"column":4},"end":{"line":70,"column":null}},"35":{"start":{"line":70,"column":55},"end":{"line":70,"column":null}},"36":{"start":{"line":72,"column":4},"end":{"line":78,"column":5}},"37":{"start":{"line":73,"column":30},"end":{"line":73,"column":53}},"38":{"start":{"line":74,"column":8},"end":{"line":74,"column":null}},"39":{"start":{"line":76,"column":8},"end":{"line":76,"column":null}},"40":{"start":{"line":77,"column":8},"end":{"line":77,"column":null}},"41":{"start":{"line":80,"column":4},"end":{"line":80,"column":null}},"42":{"start":{"line":66,"column":13},"end":{"line":66,"column":26}}},"fnMap":{"0":{"name":"(anonymous_0)","decl":{"start":{"line":20,"column":37},"end":{"line":20,"column":42}},"loc":{"start":{"line":22,"column":46},"end":{"line":42,"column":1}}},"1":{"name":"(anonymous_1)","decl":{"start":{"line":44,"column":34},"end":{"line":44,"column":39}},"loc":{"start":{"line":46,"column":34},"end":{"line":60,"column":1}}},"2":{"name":"(anonymous_2)","decl":{"start":{"line":62,"column":21},"end":{"line":62,"column":22}},"loc":{"start":{"line":62,"column":48},"end":{"line":64,"column":1}}},"3":{"name":"(anonymous_3)","decl":{"start":{"line":66,"column":26},"end":{"line":66,"column":31}},"loc":{"start":{"line":69,"column":22},"end":{"line":81,"column":1}}}},"branchMap":{"0":{"loc":{"start":{"line":25,"column":8},"end":{"line":25,"column":null}},"type":"if","locations":[{"start":{"line":25,"column":8},"end":{"line":25,"column":null}}]},"1":{"loc":{"start":{"line":28,"column":8},"end":{"line":28,"column":null}},"type":"if","locations":[{"start":{"line":28,"column":8},"end":{"line":28,"column":null}}]},"2":{"loc":{"start":{"line":31,"column":8},"end":{"line":31,"column":null}},"type":"if","locations":[{"start":{"line":31,"column":8},"end":{"line":31,"column":null}}]},"3":{"loc":{"start":{"line":47,"column":4},"end":{"line":50,"column":5}},"type":"if","locations":[{"start":{"line":47,"column":4},"end":{"line":50,"column":5}}]},"4":{"loc":{"start":{"line":54,"column":4},"end":{"line":57,"column":5}},"type":"if","locations":[{"start":{"line":54,"column":4},"end":{"line":57,"column":5}}]},"5":{"loc":{"start":{"line":70,"column":4},"end":{"line":70,"column":null}},"type":"if","locations":[{"start":{"line":70,"column":4},"end":{"line":70,"column":null}}]},"6":{"loc":{"start":{"line":70,"column":8},"end":{"line":70,"column":53}},"type":"binary-expr","locations":[{"start":{"line":70,"column":8},"end":{"line":70,"column":15}},{"start":{"line":70,"column":19},"end":{"line":70,"column":53}}]}},"s":{"0":2,"1":2,"2":2,"3":2,"4":7,"5":7,"6":5,"7":1,"8":4,"9":4,"10":1,"11":3,"12":3,"13":1,"14":2,"15":2,"16":2,"17":2,"18":2,"19":2,"20":2,"21":10,"22":1,"23":1,"24":9,"25":9,"26":7,"27":2,"28":2,"29":5,"30":2,"31":2,"32":10,"33":2,"34":4,"35":2,"36":2,"37":2,"38":2,"39":1,"40":1,"41":1,"42":2},"f":{"0":7,"1":10,"2":10,"3":4},"b":{"0":[1],"1":[1],"2":[1],"3":[1],"4":[2],"5":[2],"6":[4,3]}}
,"D:\\Ages\\github\\app\\stores\\allLessonsStore.ts": {"path":"D:\\Ages\\github\\app\\stores\\allLessonsStore.ts","statementMap":{"0":{"start":{"line":1,"column":0},"end":{"line":1,"column":32}},"1":{"start":{"line":3,"column":0},"end":{"line":3,"column":63}},"2":{"start":{"line":13,"column":13},"end":{"line":35,"column":null}},"3":{"start":{"line":13,"column":68},"end":{"line":35,"column":2}},"4":{"start":{"line":19,"column":8},"end":{"line":19,"column":null}},"5":{"start":{"line":20,"column":8},"end":{"line":31,"column":9}},"6":{"start":{"line":21,"column":27},"end":{"line":21,"column":55}},"7":{"start":{"line":22,"column":12},"end":{"line":26,"column":13}},"8":{"start":{"line":23,"column":16},"end":{"line":23,"column":null}},"9":{"start":{"line":25,"column":16},"end":{"line":25,"column":null}},"10":{"start":{"line":28,"column":12},"end":{"line":28,"column":null}},"11":{"start":{"line":30,"column":12},"end":{"line":30,"column":null}},"12":{"start":{"line":34,"column":39},"end":{"line":34,"column":55}}},"fnMap":{"0":{"name":"(anonymous_0)","decl":{"start":{"line":13,"column":58},"end":{"line":13,"column":59}},"loc":{"start":{"line":13,"column":68},"end":{"line":35,"column":2}}},"1":{"name":"(anonymous_1)","decl":{"start":{"line":18,"column":21},"end":{"line":18,"column":26}},"loc":{"start":{"line":18,"column":32},"end":{"line":32,"column":5}}},"2":{"name":"(anonymous_2)","decl":{"start":{"line":34,"column":16},"end":{"line":34,"column":17}},"loc":{"start":{"line":34,"column":39},"end":{"line":34,"column":55}}}},"branchMap":{"0":{"loc":{"start":{"line":22,"column":12},"end":{"line":26,"column":13}},"type":"if","locations":[{"start":{"line":22,"column":12},"end":{"line":26,"column":13}},{"start":{"line":24,"column":19},"end":{"line":26,"column":13}}]}},"s":{"0":1,"1":1,"2":1,"3":1,"4":3,"5":3,"6":3,"7":2,"8":1,"9":1,"10":1,"11":3,"12":1},"f":{"0":1,"1":3,"2":1},"b":{"0":[1,1]}}
,"D:\\Ages\\github\\app\\stores\\itemStore.ts": {"path":"D:\\Ages\\github\\app\\stores\\itemStore.ts","statementMap":{"0":{"start":{"line":1,"column":0},"end":{"line":1,"column":32}},"1":{"start":{"line":4,"column":0},"end":{"line":4,"column":52}},"2":{"start":{"line":14,"column":13},"end":{"line":37,"column":null}},"3":{"start":{"line":14,"column":61},"end":{"line":37,"column":2}},"4":{"start":{"line":20,"column":8},"end":{"line":20,"column":null}},"5":{"start":{"line":21,"column":8},"end":{"line":33,"column":9}},"6":{"start":{"line":22,"column":27},"end":{"line":22,"column":46}},"7":{"start":{"line":23,"column":12},"end":{"line":27,"column":13}},"8":{"start":{"line":24,"column":16},"end":{"line":24,"column":null}},"9":{"start":{"line":26,"column":16},"end":{"line":26,"column":null}},"10":{"start":{"line":29,"column":12},"end":{"line":32,"column":null}},"11":{"start":{"line":36,"column":33},"end":{"line":36,"column":47}}},"fnMap":{"0":{"name":"(anonymous_0)","decl":{"start":{"line":14,"column":51},"end":{"line":14,"column":52}},"loc":{"start":{"line":14,"column":61},"end":{"line":37,"column":2}}},"1":{"name":"(anonymous_1)","decl":{"start":{"line":19,"column":16},"end":{"line":19,"column":21}},"loc":{"start":{"line":19,"column":27},"end":{"line":34,"column":5}}},"2":{"name":"(anonymous_2)","decl":{"start":{"line":36,"column":14},"end":{"line":36,"column":15}},"loc":{"start":{"line":36,"column":33},"end":{"line":36,"column":47}}}},"branchMap":{"0":{"loc":{"start":{"line":23,"column":12},"end":{"line":27,"column":13}},"type":"if","locations":[{"start":{"line":23,"column":12},"end":{"line":27,"column":13}},{"start":{"line":25,"column":19},"end":{"line":27,"column":13}}]},"1":{"loc":{"start":{"line":30,"column":23},"end":{"line":30,"column":62}},"type":"binary-expr","locations":[{"start":{"line":30,"column":23},"end":{"line":30,"column":36}},{"start":{"line":30,"column":40},"end":{"line":30,"column":62}}]}},"s":{"0":1,"1":1,"2":1,"3":1,"4":4,"5":4,"6":4,"7":2,"8":1,"9":1,"10":2,"11":1},"f":{"0":1,"1":4,"2":1},"b":{"0":[1,1],"1":[2,1]}}
,"D:\\Ages\\github\\app\\stores\\lessonStore.ts": {"path":"D:\\Ages\\github\\app\\stores\\lessonStore.ts","statementMap":{"0":{"start":{"line":1,"column":0},"end":{"line":1,"column":32}},"1":{"start":{"line":3,"column":0},"end":{"line":3,"column":63}},"2":{"start":{"line":5,"column":0},"end":{"line":5,"column":62}},"3":{"start":{"line":21,"column":13},"end":{"line":89,"column":null}},"4":{"start":{"line":21,"column":60},"end":{"line":89,"column":2}},"5":{"start":{"line":28,"column":8},"end":{"line":28,"column":null}},"6":{"start":{"line":29,"column":8},"end":{"line":43,"column":9}},"7":{"start":{"line":30,"column":27},"end":{"line":30,"column":63}},"8":{"start":{"line":31,"column":12},"end":{"line":38,"column":13}},"9":{"start":{"line":32,"column":16},"end":{"line":32,"column":null}},"10":{"start":{"line":34,"column":16},"end":{"line":37,"column":null}},"11":{"start":{"line":40,"column":12},"end":{"line":40,"column":null}},"12":{"start":{"line":42,"column":12},"end":{"line":42,"column":null}},"13":{"start":{"line":46,"column":35},"end":{"line":46,"column":66}},"14":{"start":{"line":49,"column":8},"end":{"line":49,"column":null}},"15":{"start":{"line":50,"column":8},"end":{"line":67,"column":9}},"16":{"start":{"line":51,"column":12},"end":{"line":53,"column":13}},"17":{"start":{"line":52,"column":16},"end":{"line":52,"column":null}},"18":{"start":{"line":55,"column":12},"end":{"line":62,"column":null}},"19":{"start":{"line":64,"column":12},"end":{"line":64,"column":null}},"20":{"start":{"line":66,"column":12},"end":{"line":66,"column":null}},"21":{"start":{"line":75,"column":8},"end":{"line":84,"column":9}},"22":{"start":{"line":76,"column":12},"end":{"line":76,"column":null}},"23":{"start":{"line":79,"column":16},"end":{"line":79,"column":55}},"24":{"start":{"line":80,"column":12},"end":{"line":82,"column":13}},"25":{"start":{"line":81,"column":16},"end":{"line":81,"column":null}},"26":{"start":{"line":83,"column":12},"end":{"line":83,"column":null}},"27":{"start":{"line":85,"column":29},"end":{"line":85,"column":68}},"28":{"start":{"line":86,"column":8},"end":{"line":86,"column":null}},"29":{"start":{"line":87,"column":8},"end":{"line":87,"column":null}}},"fnMap":{"0":{"name":"(anonymous_0)","decl":{"start":{"line":21,"column":50},"end":{"line":21,"column":51}},"loc":{"start":{"line":21,"column":60},"end":{"line":89,"column":2}}},"1":{"name":"(anonymous_1)","decl":{"start":{"line":27,"column":17},"end":{"line":27,"column":22}},"loc":{"start":{"line":27,"column":44},"end":{"line":44,"column":5}}},"2":{"name":"(anonymous_2)","decl":{"start":{"line":46,"column":15},"end":{"line":46,"column":16}},"loc":{"start":{"line":46,"column":35},"end":{"line":46,"column":66}}},"3":{"name":"(anonymous_3)","decl":{"start":{"line":48,"column":18},"end":{"line":48,"column":23}},"loc":{"start":{"line":48,"column":43},"end":{"line":68,"column":5}}},"4":{"name":"(anonymous_4)","decl":{"start":{"line":70,"column":26},"end":{"line":70,"column":31}},"loc":{"start":{"line":73,"column":8},"end":{"line":88,"column":5}}}},"branchMap":{"0":{"loc":{"start":{"line":31,"column":12},"end":{"line":38,"column":13}},"type":"if","locations":[{"start":{"line":31,"column":12},"end":{"line":38,"column":13}},{"start":{"line":33,"column":19},"end":{"line":38,"column":13}}]},"1":{"loc":{"start":{"line":51,"column":12},"end":{"line":53,"column":13}},"type":"if","locations":[{"start":{"line":51,"column":12},"end":{"line":53,"column":13}}]},"2":{"loc":{"start":{"line":75,"column":8},"end":{"line":84,"column":9}},"type":"if","locations":[{"start":{"line":75,"column":8},"end":{"line":84,"column":9}},{"start":{"line":77,"column":15},"end":{"line":84,"column":9}}]},"3":{"loc":{"start":{"line":80,"column":12},"end":{"line":82,"column":13}},"type":"if","locations":[{"start":{"line":80,"column":12},"end":{"line":82,"column":13}}]}},"s":{"0":1,"1":1,"2":1,"3":1,"4":1,"5":3,"6":3,"7":3,"8":2,"9":1,"10":1,"11":1,"12":3,"13":1,"14":2,"15":2,"16":2,"17":1,"18":1,"19":1,"20":2,"21":3,"22":1,"23":2,"24":2,"25":1,"26":1,"27":2,"28":2,"29":2},"f":{"0":1,"1":3,"2":1,"3":2,"4":3},"b":{"0":[1,1],"1":[1],"2":[1,2],"3":[1]}}
,"D:\\Ages\\github\\app\\stores\\minigameStore.ts": {"path":"D:\\Ages\\github\\app\\stores\\minigameStore.ts","statementMap":{"0":{"start":{"line":1,"column":0},"end":{"line":1,"column":32}},"1":{"start":{"line":3,"column":0},"end":{"line":3,"column":67}},"2":{"start":{"line":13,"column":13},"end":{"line":33,"column":null}},"3":{"start":{"line":13,"column":64},"end":{"line":33,"column":2}},"4":{"start":{"line":19,"column":8},"end":{"line":19,"column":null}},"5":{"start":{"line":20,"column":8},"end":{"line":29,"column":9}},"6":{"start":{"line":21,"column":27},"end":{"line":21,"column":67}},"7":{"start":{"line":22,"column":12},"end":{"line":26,"column":13}},"8":{"start":{"line":23,"column":16},"end":{"line":23,"column":null}},"9":{"start":{"line":25,"column":16},"end":{"line":25,"column":null}},"10":{"start":{"line":28,"column":12},"end":{"line":28,"column":null}},"11":{"start":{"line":32,"column":41},"end":{"line":32,"column":58}}},"fnMap":{"0":{"name":"(anonymous_0)","decl":{"start":{"line":13,"column":54},"end":{"line":13,"column":55}},"loc":{"start":{"line":13,"column":64},"end":{"line":33,"column":2}}},"1":{"name":"(anonymous_1)","decl":{"start":{"line":18,"column":19},"end":{"line":18,"column":24}},"loc":{"start":{"line":18,"column":48},"end":{"line":30,"column":5}}},"2":{"name":"(anonymous_2)","decl":{"start":{"line":32,"column":17},"end":{"line":32,"column":18}},"loc":{"start":{"line":32,"column":41},"end":{"line":32,"column":58}}}},"branchMap":{"0":{"loc":{"start":{"line":22,"column":12},"end":{"line":26,"column":13}},"type":"if","locations":[{"start":{"line":22,"column":12},"end":{"line":26,"column":13}},{"start":{"line":24,"column":19},"end":{"line":26,"column":13}}]}},"s":{"0":1,"1":1,"2":1,"3":1,"4":3,"5":3,"6":3,"7":2,"8":1,"9":1,"10":1,"11":1},"f":{"0":1,"1":3,"2":1},"b":{"0":[1,1]}}
,"D:\\Ages\\github\\app\\stores\\questionsStore.ts": {"path":"D:\\Ages\\github\\app\\stores\\questionsStore.ts","statementMap":{"0":{"start":{"line":1,"column":0},"end":{"line":1,"column":32}},"1":{"start":{"line":4,"column":0},"end":{"line":4,"column":69}},"2":{"start":{"line":14,"column":13},"end":{"line":37,"column":null}},"3":{"start":{"line":14,"column":71},"end":{"line":37,"column":2}},"4":{"start":{"line":20,"column":8},"end":{"line":20,"column":null}},"5":{"start":{"line":21,"column":8},"end":{"line":33,"column":9}},"6":{"start":{"line":22,"column":27},"end":{"line":22,"column":59}},"7":{"start":{"line":23,"column":12},"end":{"line":27,"column":13}},"8":{"start":{"line":24,"column":16},"end":{"line":24,"column":null}},"9":{"start":{"line":26,"column":16},"end":{"line":26,"column":null}},"10":{"start":{"line":29,"column":12},"end":{"line":32,"column":null}},"11":{"start":{"line":36,"column":45},"end":{"line":36,"column":63}}},"fnMap":{"0":{"name":"(anonymous_0)","decl":{"start":{"line":14,"column":61},"end":{"line":14,"column":62}},"loc":{"start":{"line":14,"column":71},"end":{"line":37,"column":2}}},"1":{"name":"(anonymous_1)","decl":{"start":{"line":19,"column":20},"end":{"line":19,"column":25}},"loc":{"start":{"line":19,"column":31},"end":{"line":34,"column":5}}},"2":{"name":"(anonymous_2)","decl":{"start":{"line":36,"column":18},"end":{"line":36,"column":19}},"loc":{"start":{"line":36,"column":45},"end":{"line":36,"column":63}}}},"branchMap":{"0":{"loc":{"start":{"line":23,"column":12},"end":{"line":27,"column":13}},"type":"if","locations":[{"start":{"line":23,"column":12},"end":{"line":27,"column":13}},{"start":{"line":25,"column":19},"end":{"line":27,"column":13}}]},"1":{"loc":{"start":{"line":30,"column":23},"end":{"line":30,"column":65}},"type":"binary-expr","locations":[{"start":{"line":30,"column":23},"end":{"line":30,"column":36}},{"start":{"line":30,"column":40},"end":{"line":30,"column":65}}]}},"s":{"0":1,"1":1,"2":1,"3":1,"4":4,"5":4,"6":4,"7":2,"8":1,"9":1,"10":2,"11":1},"f":{"0":1,"1":4,"2":1},"b":{"0":[1,1],"1":[2,1]}}
,"D:\\Ages\\github\\app\\stores\\userPetStore.ts": {"path":"D:\\Ages\\github\\app\\stores\\userPetStore.ts","statementMap":{"0":{"start":{"line":1,"column":0},"end":{"line":1,"column":32}},"1":{"start":{"line":2,"column":0},"end":{"line":2,"column":74}},"2":{"start":{"line":3,"column":0},"end":{"line":3,"column":49}},"3":{"start":{"line":21,"column":13},"end":{"line":106,"column":null}},"4":{"start":{"line":21,"column":67},"end":{"line":106,"column":2}},"5":{"start":{"line":29,"column":8},"end":{"line":29,"column":null}},"6":{"start":{"line":30,"column":8},"end":{"line":39,"column":9}},"7":{"start":{"line":31,"column":27},"end":{"line":31,"column":65}},"8":{"start":{"line":32,"column":12},"end":{"line":36,"column":13}},"9":{"start":{"line":33,"column":16},"end":{"line":33,"column":null}},"10":{"start":{"line":35,"column":16},"end":{"line":35,"column":null}},"11":{"start":{"line":38,"column":12},"end":{"line":38,"column":null}},"12":{"start":{"line":43,"column":8},"end":{"line":43,"column":null}},"13":{"start":{"line":44,"column":8},"end":{"line":58,"column":9}},"14":{"start":{"line":45,"column":28},"end":{"line":45,"column":62}},"15":{"start":{"line":46,"column":12},"end":{"line":53,"column":13}},"16":{"start":{"line":47,"column":32},"end":{"line":47,"column":42}},"17":{"start":{"line":48,"column":16},"end":{"line":50,"column":17}},"18":{"start":{"line":49,"column":20},"end":{"line":49,"column":null}},"19":{"start":{"line":52,"column":16},"end":{"line":52,"column":null}},"20":{"start":{"line":55,"column":12},"end":{"line":55,"column":null}},"21":{"start":{"line":57,"column":12},"end":{"line":57,"column":null}},"22":{"start":{"line":62,"column":8},"end":{"line":62,"column":null}},"23":{"start":{"line":63,"column":8},"end":{"line":77,"column":9}},"24":{"start":{"line":64,"column":28},"end":{"line":64,"column":59}},"25":{"start":{"line":65,"column":12},"end":{"line":72,"column":13}},"26":{"start":{"line":66,"column":31},"end":{"line":66,"column":40}},"27":{"start":{"line":67,"column":16},"end":{"line":69,"column":17}},"28":{"start":{"line":68,"column":20},"end":{"line":68,"column":null}},"29":{"start":{"line":71,"column":16},"end":{"line":71,"column":null}},"30":{"start":{"line":74,"column":12},"end":{"line":74,"column":null}},"31":{"start":{"line":76,"column":12},"end":{"line":76,"column":null}},"32":{"start":{"line":80,"column":29},"end":{"line":80,"column":42}},"33":{"start":{"line":81,"column":26},"end":{"line":81,"column":38}},"34":{"start":{"line":84,"column":8},"end":{"line":84,"column":null}},"35":{"start":{"line":85,"column":8},"end":{"line":104,"column":9}},"36":{"start":{"line":86,"column":25},"end":{"line":86,"column":35}},"37":{"start":{"line":88,"column":12},"end":{"line":90,"column":13}},"38":{"start":{"line":89,"column":16},"end":{"line":89,"column":null}},"39":{"start":{"line":92,"column":33},"end":{"line":92,"column":72}},"40":{"start":{"line":93,"column":12},"end":{"line":99,"column":13}},"41":{"start":{"line":94,"column":40},"end":{"line":94,"column":75}},"42":{"start":{"line":95,"column":16},"end":{"line":97,"column":null}},"43":{"start":{"line":98,"column":16},"end":{"line":98,"column":null}},"44":{"start":{"line":101,"column":12},"end":{"line":101,"column":null}},"45":{"start":{"line":103,"column":12},"end":{"line":103,"column":null}}},"fnMap":{"0":{"name":"(anonymous_0)","decl":{"start":{"line":21,"column":52},"end":{"line":21,"column":53}},"loc":{"start":{"line":21,"column":67},"end":{"line":106,"column":2}}},"1":{"name":"(anonymous_1)","decl":{"start":{"line":26,"column":4},"end":{"line":26,"column":19}},"loc":{"start":{"line":26,"column":32},"end":{"line":26,"column":36}}},"2":{"name":"(anonymous_2)","decl":{"start":{"line":28,"column":28},"end":{"line":28,"column":33}},"loc":{"start":{"line":28,"column":56},"end":{"line":40,"column":5}}},"3":{"name":"(anonymous_3)","decl":{"start":{"line":42,"column":16},"end":{"line":42,"column":21}},"loc":{"start":{"line":42,"column":66},"end":{"line":59,"column":5}}},"4":{"name":"(anonymous_4)","decl":{"start":{"line":61,"column":15},"end":{"line":61,"column":20}},"loc":{"start":{"line":61,"column":62},"end":{"line":78,"column":5}}},"5":{"name":"(anonymous_5)","decl":{"start":{"line":80,"column":13},"end":{"line":80,"column":14}},"loc":{"start":{"line":80,"column":29},"end":{"line":80,"column":42}}},"6":{"name":"(anonymous_6)","decl":{"start":{"line":81,"column":12},"end":{"line":81,"column":13}},"loc":{"start":{"line":81,"column":26},"end":{"line":81,"column":38}}},"7":{"name":"(anonymous_7)","decl":{"start":{"line":83,"column":24},"end":{"line":83,"column":29}},"loc":{"start":{"line":83,"column":54},"end":{"line":105,"column":5}}}},"branchMap":{"0":{"loc":{"start":{"line":32,"column":12},"end":{"line":36,"column":13}},"type":"if","locations":[{"start":{"line":32,"column":12},"end":{"line":36,"column":13}},{"start":{"line":34,"column":19},"end":{"line":36,"column":13}}]},"1":{"loc":{"start":{"line":46,"column":12},"end":{"line":53,"column":13}},"type":"if","locations":[{"start":{"line":46,"column":12},"end":{"line":53,"column":13}},{"start":{"line":51,"column":19},"end":{"line":53,"column":13}}]},"2":{"loc":{"start":{"line":48,"column":16},"end":{"line":50,"column":17}},"type":"if","locations":[{"start":{"line":48,"column":16},"end":{"line":50,"column":17}}]},"3":{"loc":{"start":{"line":65,"column":12},"end":{"line":72,"column":13}},"type":"if","locations":[{"start":{"line":65,"column":12},"end":{"line":72,"column":13}},{"start":{"line":70,"column":19},"end":{"line":72,"column":13}}]},"4":{"loc":{"start":{"line":67,"column":16},"end":{"line":69,"column":17}},"type":"if","locations":[{"start":{"line":67,"column":16},"end":{"line":69,"column":17}}]},"5":{"loc":{"start":{"line":88,"column":12},"end":{"line":90,"column":13}},"type":"if","locations":[{"start":{"line":88,"column":12},"end":{"line":90,"column":13}}]},"6":{"loc":{"start":{"line":93,"column":12},"end":{"line":99,"column":13}},"type":"if","locations":[{"start":{"line":93,"column":12},"end":{"line":99,"column":13}}]}},"s":{"0":1,"1":1,"2":1,"3":1,"4":1,"5":3,"6":3,"7":3,"8":2,"9":1,"10":1,"11":1,"12":8,"13":8,"14":8,"15":4,"16":3,"17":3,"18":2,"19":1,"20":4,"21":8,"22":4,"23":4,"24":4,"25":3,"26":1,"27":1,"28":1,"29":2,"30":1,"31":4,"32":1,"33":1,"34":6,"35":6,"36":6,"37":6,"38":1,"39":5,"40":5,"41":4,"42":4,"43":4,"44":1,"45":6},"f":{"0":1,"1":1,"2":3,"3":8,"4":4,"5":1,"6":1,"7":6},"b":{"0":[1,1],"1":[3,1],"2":[2],"3":[1,2],"4":[1],"5":[1],"6":[4]}}
}
