TN:
SF:services\itemService.ts
FN:5,(anonymous_0)
FN:10,(anonymous_1)
FNF:2
FNH:0
FNDA:0,(anonymous_0)
FNDA:0,(anonymous_1)
DA:2,0
DA:3,0
DA:5,0
DA:6,0
DA:7,0
DA:8,0
DA:10,0
DA:11,0
DA:12,0
DA:23,0
DA:25,0
DA:26,0
LF:12
LH:0
BRF:0
BRH:0
end_of_record
TN:
SF:services\lessonService.ts
FN:5,(anonymous_0)
FN:28,(anonymous_1)
FN:33,(anonymous_2)
FNF:3
FNH:3
FNDA:3,(anonymous_0)
FNDA:2,(anonymous_1)
FNDA:3,(anonymous_2)
DA:2,2
DA:3,2
DA:5,2
DA:8,3
DA:9,3
DA:10,3
DA:12,2
DA:13,1
DA:14,1
DA:17,1
DA:19,1
DA:21,1
DA:23,1
DA:24,1
DA:28,2
DA:29,2
DA:30,2
DA:31,2
DA:33,3
DA:37,1
DA:39,1
DA:40,1
LF:22
LH:22
BRDA:12,0,0,1
BRF:1
BRH:1
end_of_record
TN:
SF:services\minigameService.ts
FN:5,(anonymous_0)
FNF:1
FNH:0
FNDA:0,(anonymous_0)
DA:2,0
DA:3,0
DA:5,0
DA:8,0
DA:9,0
DA:10,0
DA:12,0
DA:13,0
DA:14,0
DA:17,0
DA:19,0
DA:25,0
DA:27,0
DA:28,0
LF:14
LH:0
BRDA:12,0,0,0
BRF:1
BRH:0
end_of_record
TN:
SF:services\petService.ts
FN:13,(anonymous_0)
FN:26,(anonymous_1)
FN:54,(anonymous_2)
FNF:3
FNH:3
FNDA:4,(anonymous_0)
FNDA:4,(anonymous_1)
FNDA:2,(anonymous_2)
DA:1,6
DA:10,6
DA:13,6
DA:16,4
DA:18,4
DA:19,2
DA:20,2
DA:23,2
DA:26,6
DA:30,4
DA:32,2
DA:33,2
DA:34,2
DA:36,1
DA:37,1
DA:40,1
DA:54,6
DA:55,2
DA:56,2
DA:58,1
DA:80,1
DA:82,1
DA:89,1
DA:91,1
DA:92,1
LF:25
LH:25
BRDA:18,0,0,2
BRDA:30,1,0,2
BRDA:30,2,0,4
BRDA:30,2,1,3
BRF:4
BRH:4
end_of_record
TN:
SF:services\questionService.ts
FN:18,(anonymous_0)
FN:26,(anonymous_1)
FNF:2
FNH:0
FNDA:0,(anonymous_0)
FNDA:0,(anonymous_1)
DA:1,0
DA:8,0
DA:11,0
DA:18,0
DA:19,0
DA:20,0
DA:21,0
DA:25,0
DA:26,0
DA:27,0
DA:28,0
DA:38,0
DA:40,0
LF:13
LH:0
BRDA:30,0,0,0
BRDA:30,0,1,0
BRDA:31,1,0,0
BRDA:31,1,1,0
BRDA:32,2,0,0
BRDA:32,2,1,0
BRDA:35,3,0,0
BRDA:35,3,1,0
BRF:8
BRH:0
end_of_record
TN:
SF:services\userService.ts
FN:20,(anonymous_0)
FN:44,(anonymous_1)
FN:62,(anonymous_2)
FN:66,(anonymous_3)
FNF:4
FNH:4
FNDA:6,(anonymous_0)
FNDA:9,(anonymous_1)
FNDA:9,(anonymous_2)
FNDA:4,(anonymous_3)
DA:3,3
DA:4,3
DA:13,3
DA:20,3
DA:23,6
DA:24,6
DA:25,5
DA:27,3
DA:28,3
DA:30,2
DA:31,2
DA:33,1
DA:35,1
DA:37,1
DA:39,1
DA:40,1
DA:44,3
DA:47,9
DA:48,2
DA:49,2
DA:52,7
DA:53,7
DA:54,6
DA:55,2
DA:56,2
DA:59,4
DA:62,3
DA:63,9
DA:66,3
DA:70,4
DA:72,2
DA:73,2
DA:74,2
DA:76,1
DA:77,1
DA:80,1
LF:36
LH:36
BRDA:25,0,0,2
BRDA:28,1,0,1
BRDA:31,2,0,1
BRDA:47,3,0,2
BRDA:54,4,0,2
BRDA:70,5,0,2
BRDA:70,6,0,4
BRDA:70,6,1,3
BRF:8
BRH:8
end_of_record
