TN:
SF:services\fetchAchievements.ts
FN:18,(anonymous_0)
FN:26,(anonymous_1)
FNF:2
FNH:0
FNDA:0,(anonymous_0)
FNDA:0,(anonymous_1)
DA:1,0
DA:8,0
DA:11,0
DA:18,0
DA:19,0
DA:20,0
DA:21,0
DA:25,0
DA:26,0
DA:27,0
DA:28,0
DA:34,0
DA:36,0
LF:13
LH:0
BRF:0
BRH:0
end_of_record
TN:
SF:services\fetchMinigames.ts
FN:18,(anonymous_0)
FN:26,(anonymous_1)
FNF:2
FNH:0
FNDA:0,(anonymous_0)
FNDA:0,(anonymous_1)
DA:1,0
DA:8,0
DA:11,0
DA:18,0
DA:19,0
DA:20,0
DA:21,0
DA:25,0
DA:26,0
DA:27,0
DA:28,0
DA:35,0
DA:37,0
LF:13
LH:0
BRDA:32,0,0,0
BRDA:32,0,1,0
BRF:2
BRH:0
end_of_record
TN:
SF:services\itemService.ts
FN:5,(anonymous_0)
FN:12,(anonymous_1)
FNF:2
FNH:0
FNDA:0,(anonymous_0)
FNDA:0,(anonymous_1)
DA:2,0
DA:3,0
DA:5,0
DA:8,0
DA:9,0
DA:10,0
DA:12,0
DA:13,0
DA:14,0
DA:25,0
DA:27,0
DA:28,0
LF:12
LH:0
BRF:0
BRH:0
end_of_record
TN:
SF:services\lessonService.ts
FN:5,(anonymous_0)
FN:28,(anonymous_1)
FN:35,(anonymous_2)
FN:39,(anonymous_3)
FN:46,(anonymous_4)
FNF:5
FNH:4
FNDA:3,(anonymous_0)
FNDA:2,(anonymous_1)
FNDA:3,(anonymous_2)
FNDA:2,(anonymous_3)
FNDA:0,(anonymous_4)
DA:2,2
DA:3,2
DA:5,2
DA:8,3
DA:9,3
DA:10,3
DA:12,2
DA:13,1
DA:14,1
DA:17,1
DA:19,1
DA:21,1
DA:23,1
DA:24,1
DA:28,2
DA:31,2
DA:32,2
DA:33,2
DA:35,3
DA:39,2
DA:41,1
DA:42,1
DA:46,2
DA:49,0
DA:50,0
DA:51,0
DA:53,0
DA:54,0
LF:28
LH:23
BRDA:12,0,0,1
BRF:1
BRH:1
end_of_record
TN:
SF:services\minigameService.ts
FN:5,(anonymous_0)
FNF:1
FNH:0
FNDA:0,(anonymous_0)
DA:2,0
DA:3,0
DA:5,0
DA:8,0
DA:9,0
DA:10,0
DA:12,0
DA:13,0
DA:14,0
DA:17,0
DA:19,0
DA:27,0
DA:29,0
DA:30,0
LF:14
LH:0
BRDA:12,0,0,0
BRF:1
BRH:0
end_of_record
TN:
SF:services\petService.ts
FN:13,(anonymous_0)
FN:25,(anonymous_1)
FN:50,(anonymous_2)
FNF:3
FNH:3
FNDA:4,(anonymous_0)
FNDA:4,(anonymous_1)
FNDA:2,(anonymous_2)
DA:1,6
DA:10,6
DA:13,6
DA:14,4
DA:15,4
DA:17,4
DA:18,2
DA:19,2
DA:22,2
DA:25,6
DA:26,4
DA:28,2
DA:29,2
DA:30,2
DA:32,1
DA:33,1
DA:36,1
DA:50,6
DA:51,2
DA:52,2
DA:54,1
DA:55,1
DA:77,1
DA:79,1
DA:86,1
DA:88,1
DA:89,1
LF:27
LH:27
BRDA:17,0,0,2
BRDA:26,1,0,2
BRDA:26,2,0,4
BRDA:26,2,1,3
BRF:4
BRH:4
end_of_record
TN:
SF:services\questionService.ts
FN:18,(anonymous_0)
FN:26,(anonymous_1)
FNF:2
FNH:0
FNDA:0,(anonymous_0)
FNDA:0,(anonymous_1)
DA:1,0
DA:8,0
DA:11,0
DA:18,0
DA:19,0
DA:20,0
DA:21,0
DA:25,0
DA:26,0
DA:27,0
DA:28,0
DA:38,0
DA:40,0
LF:13
LH:0
BRDA:30,0,0,0
BRDA:30,0,1,0
BRDA:31,1,0,0
BRDA:31,1,1,0
BRDA:32,2,0,0
BRDA:32,2,1,0
BRDA:35,3,0,0
BRDA:35,3,1,0
BRF:8
BRH:0
end_of_record
TN:
SF:services\questionsService.ts
FN:5,(anonymous_0)
FN:12,(anonymous_1)
FN:30,(anonymous_2)
FNF:3
FNH:0
FNDA:0,(anonymous_0)
FNDA:0,(anonymous_1)
FNDA:0,(anonymous_2)
DA:1,0
DA:2,0
DA:5,0
DA:8,0
DA:9,0
DA:10,0
DA:12,0
DA:13,0
DA:14,0
DA:24,0
DA:26,0
DA:30,0
DA:31,0
DA:32,0
DA:33,0
DA:35,0
DA:36,0
DA:37,0
DA:47,0
DA:50,0
DA:51,0
LF:21
LH:0
BRDA:16,0,0,0
BRDA:16,0,1,0
BRDA:17,1,0,0
BRDA:17,1,1,0
BRDA:18,2,0,0
BRDA:18,2,1,0
BRDA:21,3,0,0
BRDA:21,3,1,0
BRDA:35,4,0,0
BRDA:35,4,1,0
BRDA:39,5,0,0
BRDA:39,5,1,0
BRDA:40,6,0,0
BRDA:40,6,1,0
BRDA:41,7,0,0
BRDA:41,7,1,0
BRDA:44,8,0,0
BRDA:44,8,1,0
BRF:18
BRH:0
end_of_record
TN:
SF:services\userService.ts
FN:20,(anonymous_0)
FN:44,(anonymous_1)
FN:62,(anonymous_2)
FN:66,(anonymous_3)
FNF:4
FNH:4
FNDA:6,(anonymous_0)
FNDA:9,(anonymous_1)
FNDA:9,(anonymous_2)
FNDA:4,(anonymous_3)
DA:3,3
DA:4,3
DA:13,3
DA:20,3
DA:23,6
DA:24,6
DA:25,5
DA:27,3
DA:28,3
DA:30,2
DA:31,2
DA:33,1
DA:35,1
DA:37,1
DA:39,1
DA:40,1
DA:44,3
DA:47,9
DA:48,2
DA:49,2
DA:52,7
DA:53,7
DA:54,6
DA:55,2
DA:56,2
DA:59,4
DA:62,3
DA:63,9
DA:66,3
DA:70,4
DA:72,2
DA:73,2
DA:74,2
DA:76,1
DA:77,1
DA:80,1
LF:36
LH:36
BRDA:25,0,0,2
BRDA:28,1,0,1
BRDA:31,2,0,1
BRDA:47,3,0,2
BRDA:54,4,0,2
BRDA:70,5,0,2
BRDA:70,6,0,4
BRDA:70,6,1,3
BRF:8
BRH:8
end_of_record
TN:
SF:stores\allLessonsStore.ts
FN:13,(anonymous_0)
FN:18,(anonymous_1)
FN:34,(anonymous_2)
FNF:3
FNH:3
FNDA:1,(anonymous_0)
FNDA:3,(anonymous_1)
FNDA:1,(anonymous_2)
DA:1,1
DA:3,1
DA:13,1
DA:19,3
DA:20,3
DA:21,3
DA:22,2
DA:23,1
DA:25,1
DA:28,1
DA:30,3
DA:34,1
LF:12
LH:12
BRDA:22,0,0,1
BRDA:22,0,1,1
BRF:2
BRH:2
end_of_record
TN:
SF:stores\itemStore.ts
FN:14,(anonymous_0)
FN:19,(anonymous_1)
FN:36,(anonymous_2)
FNF:3
FNH:3
FNDA:1,(anonymous_0)
FNDA:4,(anonymous_1)
FNDA:1,(anonymous_2)
DA:1,1
DA:4,1
DA:14,1
DA:20,4
DA:21,4
DA:22,4
DA:23,2
DA:24,1
DA:26,1
DA:29,2
DA:36,1
LF:11
LH:11
BRDA:23,0,0,1
BRDA:23,0,1,1
BRDA:30,1,0,2
BRDA:30,1,1,1
BRF:4
BRH:4
end_of_record
TN:
SF:stores\lessonStore.ts
FN:21,(anonymous_0)
FN:27,(anonymous_1)
FN:46,(anonymous_2)
FN:48,(anonymous_3)
FN:70,(anonymous_4)
FNF:5
FNH:5
FNDA:1,(anonymous_0)
FNDA:3,(anonymous_1)
FNDA:1,(anonymous_2)
FNDA:2,(anonymous_3)
FNDA:3,(anonymous_4)
DA:1,1
DA:3,1
DA:5,1
DA:21,1
DA:28,3
DA:29,3
DA:30,3
DA:31,2
DA:32,1
DA:34,1
DA:40,1
DA:42,3
DA:46,1
DA:49,2
DA:50,2
DA:51,2
DA:52,1
DA:55,1
DA:64,1
DA:66,2
DA:75,3
DA:76,1
DA:79,2
DA:80,2
DA:81,1
DA:83,1
DA:85,2
DA:86,2
DA:87,2
LF:29
LH:29
BRDA:31,0,0,1
BRDA:31,0,1,1
BRDA:51,1,0,1
BRDA:75,2,0,1
BRDA:75,2,1,2
BRDA:80,3,0,1
BRF:6
BRH:6
end_of_record
TN:
SF:stores\minigameStore.ts
FN:13,(anonymous_0)
FN:18,(anonymous_1)
FN:32,(anonymous_2)
FNF:3
FNH:3
FNDA:1,(anonymous_0)
FNDA:3,(anonymous_1)
FNDA:1,(anonymous_2)
DA:1,1
DA:3,1
DA:13,1
DA:19,3
DA:20,3
DA:21,3
DA:22,2
DA:23,1
DA:25,1
DA:28,1
DA:32,1
LF:11
LH:11
BRDA:22,0,0,1
BRDA:22,0,1,1
BRF:2
BRH:2
end_of_record
TN:
SF:stores\questionsStore.ts
FN:14,(anonymous_0)
FN:19,(anonymous_1)
FN:36,(anonymous_2)
FNF:3
FNH:3
FNDA:1,(anonymous_0)
FNDA:4,(anonymous_1)
FNDA:1,(anonymous_2)
DA:1,1
DA:4,1
DA:14,1
DA:20,4
DA:21,4
DA:22,4
DA:23,2
DA:24,1
DA:26,1
DA:29,2
DA:36,1
LF:11
LH:11
BRDA:23,0,0,1
BRDA:23,0,1,1
BRDA:30,1,0,2
BRDA:30,1,1,1
BRF:4
BRH:4
end_of_record
TN:
SF:stores\userPetStore.ts
FN:21,(anonymous_0)
FN:26,(anonymous_1)
FN:28,(anonymous_2)
FN:42,(anonymous_3)
FN:61,(anonymous_4)
FN:80,(anonymous_5)
FN:81,(anonymous_6)
FN:83,(anonymous_7)
FNF:8
FNH:8
FNDA:1,(anonymous_0)
FNDA:1,(anonymous_1)
FNDA:3,(anonymous_2)
FNDA:8,(anonymous_3)
FNDA:4,(anonymous_4)
FNDA:1,(anonymous_5)
FNDA:1,(anonymous_6)
FNDA:6,(anonymous_7)
DA:1,1
DA:2,1
DA:3,1
DA:21,1
DA:29,3
DA:30,3
DA:31,3
DA:32,2
DA:33,1
DA:35,1
DA:38,1
DA:43,8
DA:44,8
DA:45,8
DA:46,4
DA:47,3
DA:48,3
DA:49,2
DA:52,1
DA:55,4
DA:57,8
DA:62,4
DA:63,4
DA:64,4
DA:65,3
DA:66,1
DA:67,1
DA:68,1
DA:71,2
DA:74,1
DA:76,4
DA:80,1
DA:81,1
DA:84,6
DA:85,6
DA:86,6
DA:88,6
DA:89,1
DA:92,5
DA:93,5
DA:94,4
DA:95,4
DA:98,4
DA:101,1
DA:103,6
LF:45
LH:45
BRDA:32,0,0,1
BRDA:32,0,1,1
BRDA:46,1,0,3
BRDA:46,1,1,1
BRDA:48,2,0,2
BRDA:65,3,0,1
BRDA:65,3,1,2
BRDA:67,4,0,1
BRDA:88,5,0,1
BRDA:93,6,0,4
BRF:10
BRH:10
end_of_record
